2014-08-14 09:15:47-261    初始化成功
2014-08-14 09:15:47-464    扫描执行成功
2014-08-14 09:15:57-603    连接设备成功
2014-08-14 09:16:03-094    连接设备成功
2014-08-14 09:16:08-194    设备192.168.0.110复位
2014-08-14 09:16:08-413    设备192.168.0.120复位
2014-08-14 09:17:21-207    初始化成功
2014-08-14 09:17:21-441    扫描执行成功
2014-08-14 09:17:26-907    连接设备成功
2014-08-14 09:17:38-708    连接设备成功
2014-08-14 09:17:52-046    初始化成功
2014-08-14 09:17:52-342    扫描执行成功
2014-08-14 09:17:53-777    连接设备成功
2014-08-14 09:18:31-848    初始化成功
2014-08-14 09:18:32-066    扫描执行成功
2014-08-14 09:19:00-974    初始化成功
2014-08-14 09:19:01-208    扫描执行成功
2014-08-14 09:19:03-657    连接设备成功
2014-08-14 09:19:12-377    连接设备成功
2014-08-14 09:19:13-625    连接设备成功
2014-08-14 09:23:31-892    初始化成功
2014-08-14 09:23:32-135    扫描执行成功
2014-08-14 09:23:43-026    连接设备成功
2014-08-14 09:33:49-020    初始化成功
2014-08-14 09:33:49-238    扫描执行成功
2014-08-14 09:33:57-350    连接设备成功
2014-08-14 09:33:57-568    连接设备成功
2014-08-14 09:37:24-286    初始化成功
2014-08-14 09:37:24-511    扫描执行成功
2014-08-14 09:38:05-392    初始化成功
2014-08-14 09:38:05-595    扫描执行成功
2014-08-14 09:38:06-828    连接设备成功
2014-08-14 09:38:07-108    连接设备成功
2014-08-14 09:49:39-535    初始化成功
2014-08-14 09:49:39-878    扫描执行成功
2014-08-14 09:49:41-720    连接设备成功
2014-08-14 09:49:42-033    连接设备成功
2014-08-14 09:52:17-977    初始化成功
2014-08-14 09:52:19-211    扫描执行成功
2014-08-14 09:52:59-850    初始化成功
2014-08-14 09:53:00-459    扫描执行成功
2014-08-14 09:56:34-741    初始化成功
2014-08-14 09:56:35-014    扫描执行成功
2014-08-14 10:00:07-036    初始化成功
2014-08-14 10:00:07-254    扫描执行成功
2014-08-14 10:00:11-685    初始化成功
2014-08-14 10:00:11-904    扫描执行成功
2014-08-14 10:00:13-136    连接设备成功
2014-08-14 10:00:13-370    连接设备成功
2014-08-14 10:11:48-256    初始化成功
2014-08-14 10:11:48-506    扫描执行成功
2014-08-14 10:11:50-331    连接设备成功
2014-08-14 10:11:50-549    连接设备成功
2014-08-14 10:17:56-262    初始化成功
2014-08-14 10:17:56-480    扫描执行成功
2014-08-14 10:18:08-850    初始化成功
2014-08-14 10:18:09-178    扫描执行成功
2014-08-14 10:18:11-222    连接设备成功
2014-08-14 10:18:11-425    连接设备成功
2014-08-14 10:18:52-203    连接设备成功
2014-08-14 10:18:52-422    该设备已经连接
2014-08-14 10:18:54-855    该设备已经连接
2014-08-14 10:18:55-074    该设备已经连接
2014-08-14 10:18:58-537    该设备已经连接
2014-08-14 10:18:58-755    该设备已经连接
2014-08-14 10:19:09-204    初始化成功
2014-08-14 10:19:09-422    扫描执行成功
2014-08-14 10:19:15-928    连接设备成功
2014-08-14 10:19:16-130    连接设备成功
2014-08-14 10:29:53-865    初始化成功
2014-08-14 10:29:54-107    扫描执行成功
2014-08-14 10:29:54-318    连接设备成功
2014-08-14 10:29:54-530    连接设备成功
2014-08-14 10:40:49-199    初始化成功
2014-08-14 10:40:49-402    扫描执行成功
2014-08-14 10:40:49-604    连接设备成功
2014-08-14 10:40:49-807    连接设备成功
2014-08-14 10:41:36-307    初始化成功
2014-08-14 10:41:36-525    扫描执行成功
2014-08-14 10:41:36-744    连接设备成功
2014-08-14 10:41:36-946    连接设备成功
2014-08-14 10:41:55-954    初始化成功
2014-08-14 10:41:56-188    扫描执行成功
2014-08-14 10:41:56-391    连接设备成功
2014-08-14 10:41:56-593    连接设备成功
2014-08-14 10:43:37-269    初始化成功
2014-08-14 10:43:37-535    扫描执行成功
2014-08-14 10:43:37-737    连接设备成功
2014-08-14 10:43:37-940    连接设备成功
2014-08-14 10:44:24-759    初始化成功
2014-08-14 10:44:24-977    扫描执行成功
2014-08-14 10:44:25-180    连接设备成功
2014-08-14 10:44:25-414    连接设备成功
2014-08-14 10:57:06-735    初始化成功
2014-08-14 10:57:06-954    扫描执行成功
2014-08-14 10:57:07-172    连接设备成功
2014-08-14 10:57:07-390    连接设备成功
2014-08-14 10:57:48-586    初始化成功
2014-08-14 10:57:48-789    扫描执行成功
2014-08-14 10:57:49-007    连接设备成功
2014-08-14 10:57:49-210    连接设备成功
2014-08-14 10:58:41-887    初始化成功
2014-08-14 10:58:42-106    扫描执行成功
2014-08-14 10:58:42-339    连接设备成功
2014-08-14 10:58:42-542    连接设备成功
2014-08-14 11:04:46-049    初始化成功
2014-08-14 11:04:46-267    扫描执行成功
2014-08-14 11:04:46-517    连接设备成功
2014-08-14 11:04:46-720    连接设备成功
2014-08-14 11:06:22-300    初始化成功
2014-08-14 11:06:22-550    扫描执行成功
2014-08-14 11:06:22-752    连接设备成功
2014-08-14 11:06:22-955    连接设备成功
2014-08-14 11:09:53-227    初始化成功
2014-08-14 11:09:53-461    扫描执行成功
2014-08-14 11:09:53-680    连接设备成功
2014-08-14 11:09:53-898    连接设备成功
2014-08-14 11:12:58-862    初始化成功
2014-08-14 11:12:59-081    扫描执行成功
2014-08-14 11:12:59-299    连接设备成功
2014-08-14 11:12:59-502    连接设备成功
2014-08-14 11:25:15-902    初始化成功
2014-08-14 11:25:16-105    扫描执行成功
2014-08-14 11:25:16-324    连接设备成功
2014-08-14 11:25:16-526    连接设备成功
2014-08-14 11:28:00-332    初始化成功
2014-08-14 11:28:00-556    扫描执行成功
2014-08-14 11:28:00-777    连接设备成功
2014-08-14 11:28:00-991    连接设备成功
2014-08-14 11:30:30-172    初始化成功
2014-08-14 11:30:30-416    扫描执行成功
2014-08-14 11:30:30-638    连接设备成功
2014-08-14 11:30:30-849    连接设备成功
2014-08-14 11:30:47-918    初始化成功
2014-08-14 11:30:48-139    扫描执行成功
2014-08-14 11:30:48-359    连接设备成功
2014-08-14 11:30:48-573    连接设备成功
2014-08-14 11:41:41-028    初始化成功
2014-08-14 11:41:41-253    扫描执行成功
2014-08-14 11:41:41-475    连接设备成功
2014-08-14 11:41:41-688    连接设备成功
2014-08-14 11:48:28-564    初始化成功
2014-08-14 11:48:28-776    扫描执行成功
2014-08-14 11:48:28-989    连接设备成功
2014-08-14 11:48:29-204    连接设备成功
2014-08-14 11:49:02-118    初始化成功
2014-08-14 11:49:02-338    扫描执行成功
2014-08-14 11:49:02-558    连接设备成功
2014-08-14 11:49:02-773    连接设备成功
2014-08-14 11:53:37-738    初始化成功
2014-08-14 11:53:37-973    扫描执行成功
2014-08-14 11:53:38-248    连接设备成功
2014-08-14 11:53:38-460    连接设备成功
2014-08-14 11:54:02-473    初始化成功
2014-08-14 11:54:02-690    扫描执行成功
2014-08-14 11:54:02-935    连接设备成功
2014-08-14 11:54:03-148    连接设备成功
2014-08-14 11:54:15-360    初始化成功
2014-08-14 11:54:15-583    扫描执行成功
2014-08-14 11:54:15-813    连接设备成功
2014-08-14 11:54:16-025    连接设备成功
2014-08-14 11:56:50-956    初始化成功
2014-08-14 11:56:51-176    扫描执行成功
2014-08-14 11:56:51-396    连接设备成功
2014-08-14 11:56:51-608    连接设备成功
2014-08-14 11:57:12-450    初始化成功
2014-08-14 11:57:12-668    扫描执行成功
2014-08-14 11:57:12-888    连接设备成功
2014-08-14 11:57:13-100    连接设备成功
2014-08-14 11:58:14-056    初始化成功
2014-08-14 11:58:14-276    扫描执行成功
2014-08-14 11:58:14-489    连接设备成功
2014-08-14 11:58:14-701    连接设备成功
2014-08-14 11:58:25-920    初始化成功
2014-08-14 11:58:26-140    扫描执行成功
2014-08-14 11:58:26-387    连接设备成功
2014-08-14 11:58:26-600    连接设备成功
2014-08-14 12:03:10-374    初始化成功
2014-08-14 12:03:10-612    扫描执行成功
2014-08-14 12:03:10-842    连接设备成功
2014-08-14 12:03:11-057    连接设备成功
2014-08-14 12:09:36-134    初始化成功
2014-08-14 12:09:36-369    扫描执行成功
2014-08-14 12:09:36-581    连接设备成功
2014-08-14 12:09:36-794    连接设备成功
2014-08-14 12:14:07-442    初始化成功
2014-08-14 12:14:07-697    扫描执行成功
2014-08-14 12:14:07-914    连接设备成功
2014-08-14 12:14:08-129    连接设备成功
2014-08-14 12:14:47-798    初始化成功
2014-08-14 12:14:48-018    扫描执行成功
2014-08-14 12:14:48-258    连接设备成功
2014-08-14 12:14:48-496    连接设备成功
2014-08-14 12:14:59-083    初始化成功
2014-08-14 12:14:59-298    扫描执行成功
2014-08-14 12:14:59-513    连接设备成功
2014-08-14 12:14:59-726    连接设备成功
2014-08-14 12:19:19-186    初始化成功
2014-08-14 12:19:19-438    扫描执行成功
2014-08-14 12:19:19-651    连接设备成功
2014-08-14 12:19:19-863    连接设备成功
2014-08-14 12:19:31-871    初始化成功
2014-08-14 12:19:32-099    扫描执行成功
2014-08-14 12:19:32-336    连接设备成功
2014-08-14 12:19:32-559    连接设备成功
2014-08-14 12:20:29-424    初始化成功
2014-08-14 12:20:29-634    扫描执行成功
2014-08-14 12:20:29-856    连接设备成功
2014-08-14 12:20:30-066    连接设备成功
2014-08-14 12:23:41-386    初始化成功
2014-08-14 12:23:41-626    扫描执行成功
2014-08-14 12:23:41-839    连接设备成功
2014-08-14 12:23:42-051    连接设备成功
2014-08-14 12:23:53-011    初始化成功
2014-08-14 12:23:53-226    扫描执行成功
2014-08-14 12:23:53-439    连接设备成功
2014-08-14 12:23:53-651    连接设备成功
2014-08-14 12:27:58-355    初始化成功
2014-08-14 12:27:58-590    扫描执行成功
2014-08-14 12:27:58-802    连接设备成功
2014-08-14 12:27:59-015    连接设备成功
2014-08-14 12:29:40-455    初始化成功
2014-08-14 12:29:40-675    扫描执行成功
2014-08-14 12:29:40-897    连接设备成功
2014-08-14 12:29:41-110    连接设备成功
2014-08-14 12:32:14-338    初始化成功
2014-08-14 12:32:14-558    扫描执行成功
2014-08-14 12:32:14-771    连接设备成功
2014-08-14 12:32:14-983    连接设备成功
2014-08-14 12:33:54-559    初始化成功
2014-08-14 12:33:54-772    扫描执行成功
2014-08-14 12:33:54-982    连接设备成功
2014-08-14 12:33:55-197    连接设备成功
2014-08-14 12:34:45-385    初始化成功
2014-08-14 12:34:45-645    扫描执行成功
2014-08-14 12:34:45-857    连接设备成功
2014-08-14 12:34:46-097    连接设备成功
2014-08-14 12:35:31-287    初始化成功
2014-08-14 12:35:31-505    扫描执行成功
2014-08-14 12:35:31-717    连接设备成功
2014-08-14 12:35:31-937    连接设备成功
2014-08-14 12:35:43-258    初始化成功
2014-08-14 12:35:43-503    扫描执行成功
2014-08-14 12:35:43-716    连接设备成功
2014-08-14 12:35:43-928    连接设备成功
2014-08-14 12:36:07-556    初始化成功
2014-08-14 12:36:07-801    扫描执行成功
2014-08-14 12:36:08-021    连接设备成功
2014-08-14 12:36:08-258    连接设备成功
2014-08-14 13:48:54-435    初始化成功
2014-08-14 13:48:54-647    扫描执行成功
2014-08-14 13:48:54-870    连接设备成功
2014-08-14 13:48:55-082    连接设备成功
2014-08-14 13:50:41-592    初始化成功
2014-08-14 13:50:41-807    扫描执行成功
2014-08-14 13:50:42-019    连接设备成功
2014-08-14 13:50:42-232    连接设备成功
2014-08-14 13:51:29-172    初始化成功
2014-08-14 13:51:29-420    扫描执行成功
2014-08-14 13:51:29-632    连接设备成功
2014-08-14 13:51:29-845    连接设备成功
2014-08-14 13:52:17-017    初始化成功
2014-08-14 13:52:17-237    扫描执行成功
2014-08-14 13:52:17-475    连接设备成功
2014-08-14 13:52:17-685    连接设备成功
2014-08-14 13:53:30-843    初始化成功
2014-08-14 13:53:31-060    扫描执行成功
2014-08-14 13:53:31-280    连接设备成功
2014-08-14 13:53:31-493    连接设备成功
2014-08-14 13:53:42-078    初始化成功
2014-08-14 13:53:42-296    扫描执行成功
2014-08-14 13:53:42-506    连接设备成功
2014-08-14 13:53:42-721    连接设备成功
2014-08-14 13:56:26-966    初始化成功
2014-08-14 13:56:27-218    扫描执行成功
2014-08-14 13:56:27-431    连接设备成功
2014-08-14 13:56:27-643    连接设备成功
2014-08-14 13:57:11-194    初始化成功
2014-08-14 13:57:11-407    扫描执行成功
2014-08-14 13:57:11-619    连接设备成功
2014-08-14 13:57:11-832    连接设备成功
2014-08-14 14:00:30-958    初始化成功
2014-08-14 14:00:31-176    扫描执行成功
2014-08-14 14:00:31-396    连接设备成功
2014-08-14 14:00:31-608    连接设备成功
2014-08-14 14:01:17-909    初始化成功
2014-08-14 14:01:18-134    扫描执行成功
2014-08-14 14:01:18-342    连接设备成功
2014-08-14 14:01:18-557    连接设备成功
2014-08-14 14:01:37-046    初始化成功
2014-08-14 14:01:37-254    扫描执行成功
2014-08-14 14:01:37-484    连接设备成功
2014-08-14 14:01:37-704    连接设备成功
2014-08-14 14:02:37-935    初始化成功
2014-08-14 14:02:38-165    扫描执行成功
2014-08-14 14:02:38-378    连接设备成功
2014-08-14 14:02:38-590    连接设备成功
2014-08-14 14:03:18-254    初始化成功
2014-08-14 14:03:18-471    扫描执行成功
2014-08-14 14:03:18-681    连接设备成功
2014-08-14 14:03:18-894    连接设备成功
2014-08-14 14:05:20-712    初始化成功
2014-08-14 14:05:20-927    扫描执行成功
2014-08-14 14:05:21-140    连接设备成功
2014-08-14 14:05:21-360    连接设备成功
2014-08-14 14:08:59-377    初始化成功
2014-08-14 14:08:59-597    扫描执行成功
2014-08-14 14:08:59-810    连接设备成功
2014-08-14 14:09:00-022    连接设备成功
2014-08-14 14:17:17-823    初始化成功
2014-08-14 14:17:18-148    扫描执行成功
2014-08-14 14:17:18-376    连接设备成功
2014-08-14 14:17:18-588    连接设备成功
2014-08-14 14:18:12-476    初始化成功
2014-08-14 14:18:12-756    扫描执行成功
2014-08-14 14:18:12-969    连接设备成功
2014-08-14 14:18:13-184    连接设备成功
2014-08-14 14:18:56-043    初始化成功
2014-08-14 14:18:56-278    扫描执行成功
2014-08-14 14:18:56-500    连接设备成功
2014-08-14 14:18:56-713    连接设备成功
2014-08-14 14:21:05-581    初始化成功
2014-08-14 14:21:05-816    扫描执行成功
2014-08-14 14:21:06-043    连接设备成功
2014-08-14 14:21:06-251    连接设备成功
2014-08-14 14:24:27-852    初始化成功
2014-08-14 14:24:28-065    扫描执行成功
2014-08-14 14:24:28-282    连接设备成功
2014-08-14 14:24:28-492    连接设备成功
2014-08-14 14:40:32-018    初始化成功
2014-08-14 14:40:32-278    扫描执行成功
2014-08-14 14:40:32-485    连接设备成功
2014-08-14 14:40:32-700    连接设备成功
2014-08-14 15:07:16-249    初始化成功
2014-08-14 15:07:16-467    扫描执行成功
2014-08-14 15:07:16-701    连接设备成功
2014-08-14 15:07:16-904    连接设备成功
2014-08-14 15:07:37-558    初始化成功
2014-08-14 15:07:37-776    扫描执行成功
2014-08-14 15:07:37-994    连接设备成功
2014-08-14 15:07:38-197    连接设备成功
2014-08-14 15:08:48-140    初始化成功
2014-08-14 15:08:48-343    扫描执行成功
2014-08-14 15:08:48-546    连接设备成功
2014-08-14 15:08:48-749    连接设备成功
2014-08-14 15:21:32-427    初始化成功
2014-08-14 15:21:32-646    扫描执行成功
2014-08-14 15:21:32-864    连接设备成功
2014-08-14 15:21:33-067    连接设备成功
2014-08-14 15:24:11-746    初始化成功
2014-08-14 15:24:12-120    扫描执行成功
2014-08-14 15:24:12-338    连接设备成功
2014-08-14 15:24:12-541    连接设备成功
2014-08-14 15:24:35-723    初始化成功
2014-08-14 15:24:35-941    扫描执行成功
2014-08-14 15:24:36-160    连接设备成功
2014-08-14 15:24:36-378    连接设备成功
2014-08-14 15:28:55-411    初始化成功
2014-08-14 15:28:55-630    扫描执行成功
2014-08-14 15:28:55-848    连接设备成功
2014-08-14 15:28:56-051    连接设备成功
2014-08-14 15:30:54-461    初始化成功
2014-08-14 15:30:54-664    扫描执行成功
2014-08-14 15:30:54-882    连接设备成功
2014-08-14 15:30:55-100    连接设备成功
2014-08-14 15:52:14-045    初始化成功
2014-08-14 15:52:14-279    扫描执行成功
2014-08-14 15:52:14-482    连接设备成功
2014-08-14 15:52:14-684    连接设备成功
2014-08-14 16:06:03-010    初始化成功
2014-08-14 16:06:03-234    扫描执行成功
2014-08-14 16:06:03-454    连接设备成功
2014-08-14 16:06:03-666    连接设备成功
2014-08-14 16:07:43-913    初始化成功
2014-08-14 16:07:44-134    扫描执行成功
2014-08-14 16:07:44-354    连接设备成功
2014-08-14 16:07:44-567    连接设备成功
2014-08-14 16:09:36-817    初始化成功
2014-08-14 16:09:37-035    扫描执行成功
2014-08-14 16:09:37-238    连接设备成功
2014-08-14 16:09:37-457    连接设备成功
2014-08-14 16:10:43-867    初始化成功
2014-08-14 16:10:44-069    扫描执行成功
2014-08-14 16:10:44-293    连接设备成功
2014-08-14 16:10:44-511    连接设备成功
2014-08-14 16:11:56-991    初始化成功
2014-08-14 16:11:57-243    扫描执行成功
2014-08-14 16:11:57-461    连接设备成功
2014-08-14 16:11:57-664    连接设备成功
2014-08-14 16:20:05-613    初始化成功
2014-08-14 16:20:05-831    扫描执行成功
2014-08-14 16:20:06-034    连接设备成功
2014-08-14 16:20:06-237    连接设备成功
2014-08-14 16:29:53-223    初始化成功
2014-08-14 16:29:53-444    扫描执行成功
2014-08-14 16:29:53-647    连接设备成功
2014-08-14 16:29:53-849    连接设备成功
2014-08-14 17:18:29-832    初始化成功
2014-08-14 17:18:30-049    扫描执行成功
2014-08-14 17:18:30-264    连接设备成功
2014-08-14 17:18:30-474    连接设备成功
2014-08-14 17:25:05-562    初始化成功
2014-08-14 17:25:05-772    扫描执行成功
2014-08-14 17:25:05-987    连接设备成功
2014-08-14 17:25:06-200    连接设备成功
2014-08-14 17:28:02-163    初始化成功
2014-08-14 17:28:02-391    扫描执行成功
2014-08-14 17:28:02-611    连接设备成功
2014-08-14 17:28:02-823    连接设备成功
2014-08-14 17:30:38-995    初始化成功
2014-08-14 17:30:39-210    扫描执行成功
2014-08-14 17:30:39-422    连接设备成功
2014-08-14 17:30:39-642    连接设备成功
2014-08-14 17:41:23-300    初始化成功
2014-08-14 17:41:23-520    扫描执行成功
2014-08-14 17:41:23-735    连接设备成功
2014-08-14 17:41:23-945    连接设备成功
2014-08-14 17:42:58-576    初始化成功
2014-08-14 17:42:58-798    扫描执行成功
2014-08-14 17:42:59-038    连接设备成功
2014-08-14 17:42:59-251    连接设备成功
2014-08-14 17:48:00-842    初始化成功
2014-08-14 17:48:01-064    扫描执行成功
2014-08-14 17:48:01-277    连接设备成功
2014-08-14 17:48:01-489    连接设备成功
2014-08-14 18:46:38-042    初始化成功
2014-08-14 18:46:38-274    扫描执行成功
2014-08-14 18:46:38-522    连接设备成功
2014-08-14 18:46:38-732    连接设备成功
2014-08-14 18:53:23-727    初始化成功
2014-08-14 18:53:23-949    扫描执行成功
2014-08-14 18:53:24-172    连接设备成功
2014-08-14 18:53:24-384    连接设备成功
