2014-08-20 09:30:09-278    初始化成功
2014-08-20 09:30:09-497    扫描执行成功
2014-08-20 09:30:09-700    连接设备成功
2014-08-20 09:30:30-214    设备192.168.0.120复位
2014-08-20 09:35:26-101    初始化成功
2014-08-20 09:35:26-320    扫描执行成功
2014-08-20 09:35:26-523    连接设备成功
2014-08-20 09:39:07-193    初始化成功
2014-08-20 09:39:07-411    扫描执行成功
2014-08-20 09:39:07-629    连接设备成功
2014-08-20 09:49:01-811    初始化成功
2014-08-20 09:49:02-030    扫描执行成功
2014-08-20 09:49:02-232    连接设备成功
2014-08-20 09:59:12-365    初始化成功
2014-08-20 09:59:12-583    扫描执行成功
2014-08-20 09:59:12-801    连接设备成功
2014-08-20 10:01:38-447    初始化成功
2014-08-20 10:01:38-665    扫描执行成功
2014-08-20 10:01:38-868    连接设备成功
2014-08-20 10:02:30-268    初始化成功
2014-08-20 10:02:30-487    扫描执行成功
2014-08-20 10:02:30-705    连接设备成功
2014-08-20 10:07:49-845    初始化成功
2014-08-20 10:07:50-079    扫描执行成功
2014-08-20 10:07:50-298    连接设备成功
2014-08-20 10:09:17-820    初始化成功
2014-08-20 10:09:18-054    扫描执行成功
2014-08-20 10:09:18-257    连接设备成功
2014-08-20 10:10:24-713    初始化成功
2014-08-20 10:10:24-947    扫描执行成功
2014-08-20 10:10:25-181    连接设备成功
2014-08-20 10:15:48-255    初始化成功
2014-08-20 10:15:48-458    扫描执行成功
2014-08-20 10:15:48-676    连接设备成功
2014-08-20 10:20:39-944    初始化成功
2014-08-20 10:20:40-162    扫描执行成功
2014-08-20 10:20:40-381    连接设备成功
2014-08-20 10:20:40-584    该设备已经连接
2014-08-20 10:21:04-241    初始化成功
2014-08-20 10:21:04-459    扫描执行成功
2014-08-20 10:21:04-662    连接设备成功
2014-08-20 10:21:04-865    该设备已经连接
2014-08-20 10:23:48-054    初始化成功
2014-08-20 10:23:48-272    扫描执行成功
2014-08-20 10:23:48-491    连接设备成功
2014-08-20 10:24:25-105    初始化成功
2014-08-20 10:24:25-324    扫描执行成功
2014-08-20 10:24:25-526    连接设备成功
2014-08-20 10:25:07-445    初始化成功
2014-08-20 10:25:07-663    扫描执行成功
2014-08-20 10:25:07-882    连接设备成功
2014-08-20 10:26:21-407    初始化成功
2014-08-20 10:26:21-626    扫描执行成功
2014-08-20 10:26:21-844    连接设备成功
2014-08-20 10:28:49-105    初始化成功
2014-08-20 10:28:49-339    扫描执行成功
2014-08-20 10:28:49-541    连接设备成功
2014-08-20 10:33:12-570    初始化成功
2014-08-20 10:33:12-789    扫描执行成功
2014-08-20 10:33:13-007    连接设备成功
2014-08-20 10:37:02-919    初始化成功
2014-08-20 10:37:03-137    扫描执行成功
2014-08-20 10:37:03-356    连接设备成功
2014-08-20 10:38:11-944    初始化成功
2014-08-20 10:38:12-178    扫描执行成功
2014-08-20 10:38:12-381    连接设备成功
2014-08-20 10:41:04-481    初始化成功
2014-08-20 10:41:04-700    扫描执行成功
2014-08-20 10:41:04-918    连接设备成功
2014-08-20 10:44:59-430    初始化成功
2014-08-20 10:44:59-679    扫描执行成功
2014-08-20 10:44:59-898    连接设备成功
2014-08-20 10:45:49-549    初始化成功
2014-08-20 10:45:49-767    扫描执行成功
2014-08-20 10:46:01-756    初始化成功
2014-08-20 10:46:01-990    扫描执行成功
2014-08-20 10:46:16-966    初始化成功
2014-08-20 10:46:17-200    扫描执行成功
2014-08-20 10:47:00-878    初始化成功
2014-08-20 10:47:01-112    扫描执行成功
2014-08-20 10:47:39-189    初始化成功
2014-08-20 10:47:39-423    扫描执行成功
2014-08-20 10:50:21-793    初始化成功
2014-08-20 10:50:34-617    扫描执行成功
2014-08-20 10:50:52-946    初始化成功
2014-08-20 10:50:53-169    扫描执行成功
2014-08-20 10:52:36-964    初始化成功
2014-08-20 10:52:37-182    扫描执行成功
2014-08-20 10:52:37-385    连接设备成功
2014-08-20 10:54:29-898    初始化成功
2014-08-20 10:54:30-335    扫描执行成功
2014-08-20 10:54:45-981    连接设备成功
2014-08-20 10:56:44-961    初始化成功
2014-08-20 10:56:45-179    扫描执行成功
2014-08-20 11:00:31-760    初始化成功
2014-08-20 11:00:31-978    扫描执行成功
2014-08-20 11:01:30-563    初始化成功
2014-08-20 11:01:30-797    扫描执行成功
2014-08-20 11:01:54-237    初始化成功
2014-08-20 11:01:54-471    扫描执行成功
2014-08-20 11:02:01-771    连接设备成功
2014-08-20 11:02:10-413    初始化成功
2014-08-20 11:02:10-616    扫描执行成功
2014-08-20 11:06:27-716    初始化成功
2014-08-20 11:06:27-919    扫描执行成功
2014-08-20 11:08:50-028    初始化成功
2014-08-20 11:08:50-449    扫描执行成功
2014-08-20 11:10:08-951    初始化成功
2014-08-20 11:10:09-200    扫描执行成功
2014-08-20 11:10:09-419    连接设备成功
2014-08-20 11:12:11-878    初始化成功
2014-08-20 11:12:12-096    扫描执行成功
2014-08-20 11:12:12-314    连接设备成功
2014-08-20 11:19:17-527    初始化成功
2014-08-20 11:19:17-746    扫描执行成功
2014-08-20 11:19:17-964    连接设备成功
2014-08-20 11:22:23-982    初始化成功
2014-08-20 11:22:24-216    扫描执行成功
2014-08-20 11:22:24-419    连接设备成功
2014-08-20 11:23:18-648    初始化成功
2014-08-20 11:23:18-866    扫描执行成功
2014-08-20 11:23:50-262    初始化成功
2014-08-20 11:23:50-481    扫描执行成功
2014-08-20 11:23:50-683    连接设备成功
2014-08-20 11:28:39-360    初始化成功
2014-08-20 11:28:39-594    扫描执行成功
2014-08-20 11:28:39-813    连接设备成功
2014-08-20 11:54:52-558    初始化成功
2014-08-20 11:54:52-777    扫描执行成功
2014-08-20 11:57:16-441    初始化成功
2014-08-20 11:57:16-660    扫描执行成功
2014-08-20 12:00:02-230    初始化成功
2014-08-20 12:00:02-479    扫描执行成功
2014-08-20 12:00:27-773    初始化成功
2014-08-20 12:00:28-006    扫描执行成功
2014-08-20 12:00:44-196    初始化成功
2014-08-20 12:00:44-445    扫描执行成功
2014-08-20 12:02:09-396    初始化成功
2014-08-20 12:02:09-614    扫描执行成功
2014-08-20 12:02:24-706    初始化成功
2014-08-20 12:02:24-908    扫描执行成功
2014-08-20 12:02:38-552    初始化成功
2014-08-20 12:02:38-782    扫描执行成功
2014-08-20 12:04:44-049    初始化成功
2014-08-20 12:04:44-314    扫描执行成功
2014-08-20 12:06:46-577    初始化成功
2014-08-20 12:06:46-795    扫描执行成功
2014-08-20 12:07:10-725    初始化成功
2014-08-20 12:07:10-944    扫描执行成功
2014-08-20 12:11:40-013    初始化成功
2014-08-20 12:11:40-247    扫描执行成功
2014-08-20 12:12:23-652    初始化成功
2014-08-20 12:12:23-871    扫描执行成功
2014-08-20 12:13:31-412    初始化成功
2014-08-20 12:13:31-631    扫描执行成功
2014-08-20 12:14:12-523    初始化成功
2014-08-20 12:14:12-757    扫描执行成功
2014-08-20 12:14:39-286    初始化成功
2014-08-20 12:14:39-505    扫描执行成功
2014-08-20 12:14:39-723    连接设备成功
2014-08-20 12:17:54-633    初始化成功
2014-08-20 12:17:54-883    扫描执行成功
2014-08-20 12:17:55-086    连接设备成功
2014-08-20 12:18:05-240    初始化成功
2014-08-20 12:18:05-443    扫描执行成功
2014-08-20 13:45:10-948    初始化成功
2014-08-20 13:45:11-151    扫描执行成功
2014-08-20 13:45:11-354    连接设备成功
2014-08-20 13:46:38-214    初始化成功
2014-08-20 13:46:38-448    扫描执行成功
2014-08-20 13:47:49-121    初始化成功
2014-08-20 13:47:49-340    扫描执行成功
2014-08-20 13:47:51-789    扫描执行成功
2014-08-20 13:47:54-847    扫描执行成功
2014-08-20 13:47:55-175    连接设备成功
2014-08-20 13:48:48-687    初始化成功
2014-08-20 13:48:48-905    扫描执行成功
2014-08-20 13:48:49-124    连接设备成功
2014-08-20 13:49:28-653    初始化成功
2014-08-20 13:49:28-855    扫描执行成功
2014-08-20 13:49:31-305    扫描执行成功
2014-08-20 13:49:34-378    扫描执行成功
2014-08-20 13:49:37-327    扫描执行成功
2014-08-20 13:49:37-545    连接设备成功
2014-08-20 13:57:20-872    初始化成功
2014-08-20 13:57:21-094    扫描执行成功
2014-08-20 13:57:23-564    扫描执行成功
2014-08-20 13:57:26-637    扫描执行成功
2014-08-20 13:57:29-667    扫描执行成功
2014-08-20 13:57:29-877    连接设备成功
2014-08-20 13:59:15-609    初始化成功
2014-08-20 13:59:15-827    扫描执行成功
2014-08-20 13:59:16-046    连接设备成功
2014-08-20 13:59:49-335    初始化成功
2014-08-20 13:59:49-569    扫描执行成功
2014-08-20 13:59:50-989    扫描执行成功
2014-08-20 13:59:53-032    扫描执行成功
2014-08-20 13:59:55-031    扫描执行成功
2014-08-20 13:59:55-269    连接设备成功
2014-08-20 14:33:18-202    初始化成功
2014-08-20 14:33:18-405    扫描执行成功
2014-08-20 14:33:19-824    扫描执行成功
2014-08-20 14:33:20-043    扫描执行成功
2014-08-20 14:33:21-884    扫描执行成功
2014-08-20 14:33:22-102    扫描执行成功
2014-08-20 14:33:23-927    扫描执行成功
2014-08-20 14:33:24-146    扫描执行成功
2014-08-20 14:33:25-971    扫描执行成功
2014-08-20 14:33:26-189    扫描执行成功
2014-08-20 14:33:27-994    扫描执行成功
2014-08-20 14:33:28-234    扫描执行成功
2014-08-20 14:33:28-444    连接设备成功
2014-08-20 14:33:28-654    该设备已经连接
2014-08-20 14:33:28-854    该设备已经连接
2014-08-20 14:33:29-080    该设备已经连接
2014-08-20 14:33:29-283    该设备已经连接
2014-08-20 14:33:29-891    扫描执行成功
2014-08-20 14:33:30-085    该设备已经连接
2014-08-20 14:33:30-295    该设备已经连接
2014-08-20 14:33:30-505    该设备已经连接
2014-08-20 14:33:30-715    该设备已经连接
2014-08-20 14:33:31-933    扫描执行成功
2014-08-20 14:33:32-171    扫描执行成功
2014-08-20 14:33:32-381    该设备已经连接
2014-08-20 14:33:32-581    该设备已经连接
2014-08-20 14:33:32-791    该设备已经连接
2014-08-20 14:33:33-004    该设备已经连接
2014-08-20 14:33:33-223    该设备已经连接
2014-08-20 14:33:33-426    该设备已经连接
2014-08-20 14:33:33-628    该设备已经连接
2014-08-20 14:33:33-831    该设备已经连接
2014-08-20 14:33:34-026    扫描执行成功
2014-08-20 14:33:34-236    扫描执行成功
2014-08-20 14:33:34-446    该设备已经连接
2014-08-20 14:33:34-656    该设备已经连接
2014-08-20 14:33:34-866    该设备已经连接
2014-08-20 14:33:35-087    该设备已经连接
2014-08-20 14:33:35-321    该设备已经连接
2014-08-20 14:33:35-524    该设备已经连接
2014-08-20 14:33:35-727    该设备已经连接
2014-08-20 14:33:35-930    该设备已经连接
2014-08-20 14:33:36-143    扫描执行成功
2014-08-20 14:33:36-353    扫描执行成功
2014-08-20 14:33:36-563    该设备已经连接
2014-08-20 14:33:36-763    该设备已经连接
2014-08-20 14:33:36-985    该设备已经连接
2014-08-20 14:33:37-204    该设备已经连接
2014-08-20 14:33:37-406    该设备已经连接
2014-08-20 14:33:37-609    该设备已经连接
2014-08-20 14:33:37-812    该设备已经连接
2014-08-20 14:33:40-807    初始化成功
2014-08-20 14:33:41-026    扫描执行成功
2014-08-20 14:33:41-229    连接设备成功
2014-08-20 14:33:42-462    扫描执行成功
2014-08-20 14:33:42-701    该设备已经连接
2014-08-20 14:33:42-911    该设备已经连接
2014-08-20 14:33:43-121    该设备已经连接
2014-08-20 14:33:43-341    该设备已经连接
2014-08-20 14:33:44-570    扫描执行成功
2014-08-20 14:33:44-780    扫描执行成功
2014-08-20 14:33:44-990    该设备已经连接
2014-08-20 14:33:45-190    该设备已经连接
2014-08-20 14:33:45-400    该设备已经连接
2014-08-20 14:33:45-629    该设备已经连接
2014-08-20 14:33:45-832    该设备已经连接
2014-08-20 14:33:46-050    该设备已经连接
2014-08-20 14:33:46-253    该设备已经连接
2014-08-20 14:33:46-456    该设备已经连接
2014-08-20 14:33:46-651    扫描执行成功
2014-08-20 14:33:46-861    扫描执行成功
2014-08-20 14:33:47-071    该设备已经连接
2014-08-20 14:33:47-281    该设备已经连接
2014-08-20 14:33:47-508    该设备已经连接
2014-08-20 14:33:47-726    该设备已经连接
2014-08-20 14:33:47-929    该设备已经连接
2014-08-20 14:33:48-132    该设备已经连接
2014-08-20 14:33:48-350    该设备已经连接
2014-08-20 14:33:48-546    该设备已经连接
2014-08-20 14:33:48-766    扫描执行成功
2014-08-20 14:33:48-976    扫描执行成功
2014-08-20 14:33:49-186    该设备已经连接
2014-08-20 14:33:49-396    该设备已经连接
2014-08-20 14:33:49-622    该设备已经连接
2014-08-20 14:33:49-825    该设备已经连接
2014-08-20 14:33:50-043    该设备已经连接
2014-08-20 14:33:50-246    该设备已经连接
2014-08-20 14:33:50-449    该设备已经连接
2014-08-20 14:33:50-645    该设备已经连接
2014-08-20 14:33:50-855    扫描执行成功
2014-08-20 14:35:19-385    初始化成功
2014-08-20 14:35:28-512    扫描执行成功
2014-08-20 14:35:38-647    连接设备成功
2014-08-20 14:36:26-521    扫描执行成功
2014-08-20 14:37:27-792    该设备已经连接
2014-08-20 14:37:31-442    该设备已经连接
2014-08-20 14:37:32-051    该设备已经连接
2014-08-20 14:37:32-472    该设备已经连接
2014-08-20 14:37:48-309    扫描执行成功
2014-08-20 14:37:54-799    扫描执行成功
2014-08-20 14:37:57-872    该设备已经连接
2014-08-20 14:37:58-075    该设备已经连接
2014-08-20 14:37:58-278    该设备已经连接
2014-08-20 14:37:58-481    该设备已经连接
2014-08-20 14:38:03-958    该设备已经连接
2014-08-20 14:43:09-929    初始化成功
2014-08-20 14:43:10-147    扫描执行成功
2014-08-20 14:43:19-078    连接设备成功
2014-08-20 14:43:42-212    扫描执行成功
2014-08-20 14:44:16-498    该设备已经连接
2014-08-20 14:44:31-910    该设备已经连接
2014-08-20 14:44:32-721    该设备已经连接
2014-08-20 14:44:33-954    该设备已经连接
2014-08-20 15:47:57-030    初始化成功
2014-08-20 15:47:57-244    扫描执行成功
2014-08-20 15:47:57-464    连接设备成功
2014-08-20 15:48:08-064    初始化成功
2014-08-20 15:48:08-279    扫描执行成功
2014-08-20 15:48:08-492    连接设备成功
2014-08-20 15:48:46-909    扫描执行成功
2014-08-20 15:48:55-123    该设备已经连接
2014-08-20 15:48:56-354    该设备已经连接
2014-08-20 15:48:56-775    该设备已经连接
2014-08-20 15:48:57-587    该设备已经连接
2014-08-20 15:49:23-724    初始化成功
2014-08-20 15:49:23-939    扫描执行成功
2014-08-20 15:49:24-151    连接设备成功
2014-08-20 15:50:32-281    初始化成功
2014-08-20 15:50:32-506    扫描执行成功
2014-08-20 15:50:32-718    连接设备成功
2014-08-20 15:50:42-568    初始化成功
2014-08-20 15:50:42-781    扫描执行成功
2014-08-20 15:50:42-993    连接设备成功
2014-08-20 15:52:01-132    初始化成功
2014-08-20 15:52:01-349    扫描执行成功
2014-08-20 15:52:02-763    扫描执行成功
2014-08-20 15:52:04-802    扫描执行成功
2014-08-20 15:52:06-832    扫描执行成功
2014-08-20 15:52:08-845    扫描执行成功
2014-08-20 15:52:10-872    扫描执行成功
2014-08-20 15:52:12-884    扫描执行成功
2014-08-20 15:52:14-917    扫描执行成功
2014-08-20 15:52:16-944    扫描执行成功
2014-08-20 15:52:18-953    扫描执行成功
2014-08-20 15:52:20-965    扫描执行成功
2014-08-20 15:52:22-976    扫描执行成功
2014-08-20 15:52:23-208    连接设备成功
2014-08-20 15:55:25-071    初始化成功
2014-08-20 15:55:25-289    扫描执行成功
2014-08-20 16:04:45-140    初始化成功
2014-08-20 16:04:45-356    扫描执行成功
2014-08-20 16:09:04-949    初始化成功
2014-08-20 16:09:05-183    扫描执行成功
2014-08-20 16:09:05-427    连接设备成功
2014-08-20 16:11:04-028    初始化成功
2014-08-20 16:11:04-238    扫描执行成功
2014-08-20 16:11:04-451    连接设备成功
2014-08-20 16:11:50-388    初始化成功
2014-08-20 16:11:50-621    扫描执行成功
2014-08-20 16:11:50-833    连接设备成功
2014-08-20 16:13:11-600    初始化成功
2014-08-20 16:13:11-815    扫描执行成功
2014-08-20 16:13:12-029    连接设备成功
2014-08-20 16:15:51-470    初始化成功
2014-08-20 16:15:51-687    扫描执行成功
2014-08-20 16:15:51-899    连接设备成功
2014-08-20 16:17:19-631    初始化成功
2014-08-20 16:17:19-845    扫描执行成功
2014-08-20 16:17:20-054    连接设备成功
2014-08-20 16:19:53-609    初始化成功
2014-08-20 16:19:53-820    扫描执行成功
2014-08-20 16:19:54-065    连接设备成功
2014-08-20 16:20:43-362    初始化成功
2014-08-20 16:20:43-577    扫描执行成功
2014-08-20 16:20:43-788    连接设备成功
2014-08-20 16:21:19-968    初始化成功
2014-08-20 16:21:20-182    扫描执行成功
2014-08-20 16:21:21-594    扫描执行成功
2014-08-20 16:21:23-609    扫描执行成功
2014-08-20 16:21:25-629    扫描执行成功
2014-08-20 16:21:27-657    扫描执行成功
2014-08-20 16:21:29-686    扫描执行成功
2014-08-20 16:21:31-714    扫描执行成功
2014-08-20 16:21:31-962    连接设备成功
2014-08-20 16:22:59-115    初始化成功
2014-08-20 16:22:59-339    扫描执行成功
2014-08-20 16:23:09-914    初始化成功
2014-08-20 16:23:10-142    扫描执行成功
2014-08-20 16:23:11-562    扫描执行成功
2014-08-20 16:23:13-577    扫描执行成功
2014-08-20 16:23:15-596    扫描执行成功
2014-08-20 16:23:17-631    扫描执行成功
2014-08-20 16:23:19-645    扫描执行成功
2014-08-20 16:24:38-566    初始化成功
2014-08-20 16:24:38-787    扫描执行成功
2014-08-20 16:24:40-200    扫描执行成功
2014-08-20 16:24:42-228    扫描执行成功
2014-08-20 16:24:44-268    扫描执行成功
2014-08-20 16:24:54-492    连接设备成功
2014-08-20 16:25:12-511    扫描执行成功
2014-08-20 16:25:38-528    该设备已经连接
2014-08-20 16:25:38-755    该设备已经连接
2014-08-20 16:25:38-967    该设备已经连接
2014-08-20 16:25:40-781    该设备已经连接
2014-08-20 16:25:41-591    扫描执行成功
2014-08-20 16:25:45-005    该设备已经连接
2014-08-20 16:25:45-433    该设备已经连接
2014-08-20 16:25:45-846    该设备已经连接
2014-08-20 16:25:46-258    该设备已经连接
2014-08-20 16:25:47-079    扫描执行成功
2014-08-20 16:25:50-308    该设备已经连接
2014-08-20 16:27:28-083    初始化成功
2014-08-20 16:27:28-297    扫描执行成功
2014-08-20 16:27:29-719    扫描执行成功
2014-08-20 16:27:31-753    扫描执行成功
2014-08-20 16:27:33-781    扫描执行成功
2014-08-20 16:27:35-797    扫描执行成功
2014-08-20 16:27:37-808    扫描执行成功
2014-08-20 16:27:39-818    扫描执行成功
2014-08-20 16:27:49-652    连接设备成功
2014-08-20 16:29:19-717    初始化成功
2014-08-20 16:29:19-941    扫描执行成功
2014-08-20 16:29:21-353    扫描执行成功
2014-08-20 16:29:23-383    扫描执行成功
2014-08-20 16:29:40-395    连接设备成功
2014-08-20 16:33:44-744    初始化成功
2014-08-20 16:33:44-965    扫描执行成功
2014-08-20 16:33:46-394    扫描执行成功
2014-08-20 16:33:48-422    扫描执行成功
2014-08-20 16:33:50-448    扫描执行成功
2014-08-20 16:33:52-463    扫描执行成功
2014-08-20 16:33:59-473    连接设备成功
2014-08-20 16:36:47-878    初始化成功
2014-08-20 16:36:48-142    扫描执行成功
2014-08-20 16:36:49-555    扫描执行成功
2014-08-20 16:36:51-565    扫描执行成功
2014-08-20 16:36:53-605    扫描执行成功
2014-08-20 16:36:53-813    连接设备成功
2014-08-20 16:40:34-501    初始化成功
2014-08-20 16:40:34-715    扫描执行成功
2014-08-20 16:40:36-326    扫描执行成功
2014-08-20 16:40:38-155    扫描执行成功
2014-08-20 16:40:40-181    扫描执行成功
2014-08-20 16:40:42-194    扫描执行成功
2014-08-20 16:40:44-205    扫描执行成功
2014-08-20 16:40:46-236    扫描执行成功
2014-08-20 16:40:48-264    扫描执行成功
2014-08-20 16:40:50-290    扫描执行成功
2014-08-20 16:40:52-318    扫描执行成功
2014-08-20 16:40:54-332    扫描执行成功
2014-08-20 16:40:56-358    扫描执行成功
2014-08-20 16:40:58-369    扫描执行成功
2014-08-20 16:41:00-400    扫描执行成功
2014-08-20 16:41:02-427    扫描执行成功
2014-08-20 16:41:04-439    扫描执行成功
2014-08-20 16:41:06-465    扫描执行成功
2014-08-20 16:41:08-475    扫描执行成功
2014-08-20 16:41:10-503    扫描执行成功
2014-08-20 16:41:12-530    扫描执行成功
2014-08-20 16:41:14-558    扫描执行成功
2014-08-20 16:41:14-768    连接设备成功
2014-08-20 16:49:12-199    初始化成功
2014-08-20 16:49:12-436    扫描执行成功
2014-08-20 16:49:12-658    连接设备成功
2014-08-20 16:51:14-283    扫描执行成功
2014-08-20 16:51:17-904    扫描执行成功
2014-08-20 16:51:18-737    扫描执行成功
2014-08-20 16:51:20-750    扫描执行成功
2014-08-20 16:51:22-611    扫描执行成功
2014-08-20 16:51:24-623    扫描执行成功
2014-08-20 16:51:26-734    扫描执行成功
2014-08-20 16:51:28-743    扫描执行成功
2014-08-20 16:51:30-770    扫描执行成功
2014-08-20 16:51:32-787    扫描执行成功
2014-08-20 16:51:34-815    扫描执行成功
2014-08-20 16:51:36-833    扫描执行成功
2014-08-20 16:51:38-851    扫描执行成功
2014-08-20 16:51:40-880    扫描执行成功
2014-08-20 16:51:42-908    扫描执行成功
2014-08-20 16:51:44-736    扫描执行成功
2014-08-20 16:51:46-746    扫描执行成功
2014-08-20 16:51:48-808    扫描执行成功
2014-08-20 16:51:50-818    扫描执行成功
2014-08-20 16:51:52-831    扫描执行成功
2014-08-20 16:51:54-858    扫描执行成功
2014-08-20 16:51:56-870    扫描执行成功
2014-08-20 16:53:11-987    初始化成功
2014-08-20 16:53:12-202    扫描执行成功
2014-08-20 16:53:13-615    扫描执行成功
2014-08-20 16:53:15-636    扫描执行成功
2014-08-20 16:53:17-671    扫描执行成功
2014-08-20 16:53:19-682    扫描执行成功
2014-08-20 16:53:21-692    扫描执行成功
2014-08-20 16:53:21-909    连接设备成功
2014-08-20 16:54:06-077    初始化成功
2014-08-20 16:54:06-290    扫描执行成功
2014-08-20 16:54:06-544    连接设备成功
2014-08-20 16:55:19-788    初始化成功
2014-08-20 16:55:20-010    扫描执行成功
2014-08-20 16:55:20-226    连接设备成功
2014-08-20 16:56:21-876    初始化成功
2014-08-20 16:56:22-085    扫描执行成功
2014-08-20 16:56:41-099    扫描执行成功
2014-08-20 16:56:45-311    扫描执行成功
2014-08-20 16:56:46-527    扫描执行成功
2014-08-20 16:57:26-585    扫描执行成功
2014-08-20 16:57:26-995    扫描执行成功
2014-08-20 16:57:28-206    扫描执行成功
2014-08-20 16:58:10-396    初始化成功
2014-08-20 16:58:10-614    扫描执行成功
2014-08-20 16:58:17-227    扫描执行成功
2014-08-20 16:58:21-843    扫描执行成功
2014-08-20 16:58:22-453    扫描执行成功
2014-08-20 16:58:25-067    扫描执行成功
2014-08-20 16:58:27-496    扫描执行成功
2014-08-20 16:58:38-924    扫描执行成功
2014-08-20 16:58:40-336    扫描执行成功
2014-08-20 16:59:07-754    扫描执行成功
2014-08-20 16:59:10-962    扫描执行成功
2014-08-20 16:59:14-789    扫描执行成功
2014-08-20 16:59:15-206    扫描执行成功
2014-08-20 16:59:17-418    扫描执行成功
2014-08-20 16:59:18-648    扫描执行成功
2014-08-20 16:59:22-076    扫描执行成功
2014-08-20 16:59:22-490    扫描执行成功
2014-08-20 16:59:35-902    扫描执行成功
2014-08-20 16:59:36-529    扫描执行成功
2014-08-20 16:59:36-746    连接设备成功
2014-08-20 16:59:36-958    该设备已经连接
2014-08-20 16:59:37-172    该设备已经连接
2014-08-20 16:59:37-384    该设备已经连接
2014-08-20 16:59:37-596    该设备已经连接
2014-08-20 17:03:13-794    初始化成功
2014-08-20 17:03:14-004    扫描执行成功
2014-08-20 17:03:29-820    扫描执行成功
2014-08-20 17:03:39-235    连接设备成功
2014-08-20 17:06:23-449    扫描执行成功
2014-08-20 17:06:27-464    扫描执行成功
2014-08-20 17:06:29-098    扫描执行成功
2014-08-20 17:06:31-925    扫描执行成功
2014-08-20 17:06:32-352    扫描执行成功
2014-08-20 17:06:35-564    扫描执行成功
2014-08-20 17:06:36-379    扫描执行成功
2014-08-20 17:06:48-790    扫描执行成功
2014-08-20 17:06:52-255    该设备已经连接
2014-08-20 17:06:52-685    该设备已经连接
2014-08-20 17:06:54-297    该设备已经连接
2014-08-20 17:06:54-917    该设备已经连接
2014-08-20 17:07:00-728    扫描执行成功
2014-08-20 17:07:03-941    该设备已经连接
2014-08-20 17:07:04-175    该设备已经连接
2014-08-20 17:07:04-788    该设备已经连接
2014-08-20 17:07:05-001    该设备已经连接
2014-08-20 17:07:35-013    扫描执行成功
2014-08-20 17:07:42-083    该设备已经连接
2014-08-20 17:07:43-293    该设备已经连接
2014-08-20 17:07:43-522    该设备已经连接
2014-08-20 17:07:43-739    该设备已经连接
2014-08-20 17:07:46-950    扫描执行成功
2014-08-20 17:08:39-169    该设备已经连接
2014-08-20 17:08:57-986    该设备已经连接
2014-08-20 17:08:58-397    该设备已经连接
2014-08-20 17:08:59-009    该设备已经连接
2014-08-20 17:09:02-221    扫描执行成功
2014-08-20 17:14:47-883    初始化成功
2014-08-20 17:14:48-101    扫描执行成功
2014-08-20 17:14:51-315    扫描执行成功
2014-08-20 17:14:52-367    扫描执行成功
2014-08-20 17:14:53-981    扫描执行成功
2014-08-20 17:14:56-907    扫描执行成功
2014-08-20 17:14:58-920    扫描执行成功
2014-08-20 17:14:59-749    扫描执行成功
2014-08-20 17:15:12-220    扫描执行成功
2014-08-20 17:15:16-831    连接设备成功
2014-08-20 17:16:48-459    扫描执行成功
2014-08-20 17:16:49-878    扫描执行成功
2014-08-20 17:17:08-110    扫描执行成功
2014-08-20 17:17:13-927    连接设备成功
2014-08-20 17:18:27-233    初始化成功
2014-08-20 17:18:27-457    扫描执行成功
2014-08-20 17:18:34-880    连接设备成功
2014-08-20 17:19:41-922    扫描执行成功
2014-08-20 17:19:49-137    扫描执行成功
2014-08-20 17:20:07-353    扫描执行成功
2014-08-20 17:20:19-367    连接设备成功
2014-08-20 17:21:56-988    初始化成功
2014-08-20 17:21:57-202    扫描执行成功
2014-08-20 17:21:58-814    扫描执行成功
2014-08-20 17:22:00-834    扫描执行成功
2014-08-20 17:22:12-007    初始化成功
2014-08-20 17:22:12-227    扫描执行成功
2014-08-20 17:22:13-841    扫描执行成功
2014-08-20 17:22:15-743    扫描执行成功
2014-08-20 17:22:17-776    扫描执行成功
2014-08-20 17:22:19-792    扫描执行成功
2014-08-20 17:22:21-820    扫描执行成功
2014-08-20 17:22:23-839    扫描执行成功
2014-08-20 17:22:25-868    扫描执行成功
2014-08-20 17:22:27-878    扫描执行成功
2014-08-20 17:22:29-889    扫描执行成功
2014-08-20 17:22:31-916    扫描执行成功
2014-08-20 17:22:33-952    扫描执行成功
2014-08-20 17:22:34-172    连接设备成功
2014-08-20 17:25:25-863    初始化成功
2014-08-20 17:25:26-157    扫描执行成功
2014-08-20 17:25:27-587    扫描执行成功
2014-08-20 17:25:29-606    扫描执行成功
2014-08-20 17:25:31-640    扫描执行成功
2014-08-20 17:25:33-732    扫描执行成功
2014-08-20 17:25:33-951    连接设备成功
2014-08-20 17:26:18-323    初始化成功
2014-08-20 17:26:18-543    扫描执行成功
2014-08-20 17:26:27-357    连接设备成功
2014-08-20 17:28:49-327    初始化成功
2014-08-20 17:28:49-545    扫描执行成功
2014-08-20 17:28:51-758    连接设备成功
2014-08-20 17:32:50-305    初始化成功
2014-08-20 17:32:50-519    扫描执行成功
2014-08-20 17:33:04-044    初始化成功
2014-08-20 17:33:04-274    扫描执行成功
2014-08-20 17:33:06-287    连接设备成功
2014-08-20 17:35:35-532    扫描执行成功
2014-08-20 17:35:38-146    扫描执行成功
2014-08-20 17:35:38-373    扫描执行成功
2014-08-20 17:35:40-787    扫描执行成功
2014-08-20 17:35:50-623    扫描执行成功
2014-08-20 17:35:51-651    扫描执行成功
2014-08-20 17:35:57-065    连接设备成功
2014-08-20 17:36:02-680    该设备已经连接
2014-08-20 17:36:03-100    该设备已经连接
2014-08-20 17:36:03-912    该设备已经连接
2014-08-20 17:36:04-341    该设备已经连接
2014-08-20 17:41:43-590    初始化成功
2014-08-20 17:41:43-810    扫描执行成功
2014-08-20 17:41:50-822    连接设备成功
2014-08-20 17:43:12-263    扫描执行成功
2014-08-20 17:43:16-487    扫描执行成功
2014-08-20 17:43:16-704    扫描执行成功
2014-08-20 17:43:17-718    扫描执行成功
2014-08-20 17:43:20-530    扫描执行成功
2014-08-20 17:43:22-828    扫描执行成功
2014-08-20 17:43:24-663    扫描执行成功
2014-08-20 17:43:26-086    扫描执行成功
2014-08-20 17:43:35-715    扫描执行成功
2014-08-20 17:43:48-133    连接设备成功
2014-08-20 18:00:39-906    初始化成功
2014-08-20 18:00:40-123    扫描执行成功
2014-08-20 18:00:54-937    连接设备成功
2014-08-20 18:02:00-754    扫描执行成功
2014-08-20 18:02:04-773    扫描执行成功
2014-08-20 18:02:05-007    扫描执行成功
2014-08-20 18:02:10-019    扫描执行成功
2014-08-20 18:02:10-652    扫描执行成功
2014-08-20 18:02:10-864    扫描执行成功
2014-08-20 18:02:12-277    扫描执行成功
2014-08-20 18:02:14-293    扫描执行成功
2014-08-20 18:02:29-905    扫描执行成功
2014-08-20 18:02:44-122    连接设备成功
2014-08-20 18:04:20-463    初始化成功
2014-08-20 18:04:20-684    扫描执行成功
2014-08-20 18:04:25-100    连接设备成功
2014-08-20 18:05:43-381    初始化成功
2014-08-20 18:05:43-608    扫描执行成功
2014-08-20 18:05:45-039    扫描执行成功
2014-08-20 18:05:47-052    扫描执行成功
2014-08-20 18:05:49-081    扫描执行成功
2014-08-20 18:05:51-092    扫描执行成功
2014-08-20 18:05:53-105    扫描执行成功
2014-08-20 18:05:53-334    连接设备成功
2014-08-20 18:06:35-151    扫描执行成功
2014-08-20 18:06:37-180    扫描执行成功
2014-08-20 18:06:39-198    扫描执行成功
2014-08-20 18:06:41-209    扫描执行成功
2014-08-20 18:06:43-229    扫描执行成功
2014-08-20 18:06:45-241    扫描执行成功
2014-08-20 18:06:47-269    扫描执行成功
2014-08-20 18:06:47-481    连接设备成功
2014-08-20 18:12:48-536    初始化成功
2014-08-20 18:12:48-758    扫描执行成功
2014-08-20 18:12:50-187    扫描执行成功
2014-08-20 18:12:52-216    扫描执行成功
2014-08-20 18:12:57-629    初始化成功
2014-08-20 18:12:57-921    扫描执行成功
2014-08-20 18:12:59-399    扫描执行成功
2014-08-20 18:13:01-452    扫描执行成功
2014-08-20 18:13:03-467    扫描执行成功
2014-08-20 18:13:05-486    扫描执行成功
2014-08-20 18:13:05-704    连接设备成功
2014-08-20 18:13:52-864    扫描执行成功
2014-08-20 18:13:53-077    扫描执行成功
2014-08-20 18:18:35-536    初始化成功
2014-08-20 18:18:35-755    扫描执行成功
2014-08-20 18:18:37-366    扫描执行成功
2014-08-20 18:18:39-220    扫描执行成功
2014-08-20 18:18:41-230    扫描执行成功
2014-08-20 18:18:41-448    连接设备成功
2014-08-20 18:22:36-401    初始化成功
2014-08-20 18:22:36-620    扫描执行成功
2014-08-20 18:22:39-833    连接设备成功
2014-08-20 18:24:41-050    扫描执行成功
2014-08-20 18:24:41-862    扫描执行成功
2014-08-20 18:24:44-675    扫描执行成功
2014-08-20 18:24:45-510    扫描执行成功
2014-08-20 18:25:04-740    扫描执行成功
2014-08-20 18:25:06-353    连接设备成功
2014-08-20 18:25:29-466    初始化成功
2014-08-20 18:25:29-688    扫描执行成功
2014-08-20 18:25:29-901    连接设备成功
2014-08-20 18:28:19-248    初始化成功
2014-08-20 18:28:19-485    扫描执行成功
2014-08-20 18:28:19-699    连接设备成功
2014-08-20 18:29:18-712    扫描执行成功
2014-08-20 18:29:20-721    扫描执行成功
2014-08-20 18:29:22-749    扫描执行成功
2014-08-20 18:29:24-765    扫描执行成功
2014-08-20 18:29:26-792    扫描执行成功
2014-08-20 18:29:28-803    扫描执行成功
2014-08-20 18:29:30-821    扫描执行成功
2014-08-20 18:29:32-849    扫描执行成功
2014-08-20 18:29:34-859    扫描执行成功
2014-08-20 18:29:36-869    扫描执行成功
2014-08-20 18:29:38-881    扫描执行成功
2014-08-20 18:29:40-892    扫描执行成功
2014-08-20 18:29:42-908    扫描执行成功
2014-08-20 18:29:44-926    扫描执行成功
2014-08-20 18:29:46-962    扫描执行成功
2014-08-20 18:29:48-797    扫描执行成功
2014-08-20 18:29:50-809    扫描执行成功
2014-08-20 18:29:52-840    扫描执行成功
2014-08-20 18:29:54-851    扫描执行成功
2014-08-20 18:29:56-878    扫描执行成功
2014-08-20 18:29:58-889    扫描执行成功
2014-08-20 18:30:00-916    扫描执行成功
2014-08-20 18:30:02-952    扫描执行成功
2014-08-20 18:30:04-979    扫描执行成功
2014-08-20 18:30:07-015    扫描执行成功
2014-08-20 18:30:09-043    扫描执行成功
2014-08-20 18:30:11-053    扫描执行成功
2014-08-20 18:30:13-069    扫描执行成功
2014-08-20 18:30:15-080    扫描执行成功
2014-08-20 18:30:30-290    初始化成功
2014-08-20 18:30:30-509    扫描执行成功
2014-08-20 18:30:31-920    扫描执行成功
2014-08-20 18:30:33-950    扫描执行成功
2014-08-20 18:30:35-960    扫描执行成功
2014-08-20 18:30:37-973    扫描执行成功
2014-08-20 18:30:38-392    连接设备成功
2014-08-20 18:34:31-874    初始化成功
2014-08-20 18:34:32-088    扫描执行成功
2014-08-20 18:34:56-703    扫描执行成功
2014-08-20 18:34:57-133    扫描执行成功
2014-08-20 18:34:57-746    扫描执行成功
2014-08-20 18:34:59-759    扫描执行成功
2014-08-20 18:35:09-577    扫描执行成功
2014-08-20 18:35:10-192    扫描执行成功
2014-08-20 18:35:10-406    扫描执行成功
2014-08-20 18:35:10-618    连接设备成功
2014-08-20 18:35:10-832    该设备已经连接
2014-08-20 18:35:11-045    该设备已经连接
2014-08-20 18:35:11-259    该设备已经连接
2014-08-20 18:35:11-472    该设备已经连接
2014-08-20 18:35:38-207    初始化成功
2014-08-20 18:35:38-419    扫描执行成功
2014-08-20 18:35:43-834    扫描执行成功
2014-08-20 18:35:44-311    扫描执行成功
2014-08-20 18:35:44-530    扫描执行成功
2014-08-20 18:35:45-943    扫描执行成功
2014-08-20 18:35:47-960    扫描执行成功
2014-08-20 18:35:49-972    扫描执行成功
2014-08-20 18:35:56-590    扫描执行成功
2014-08-20 18:36:01-408    扫描执行成功
2014-08-20 18:36:07-425    扫描执行成功
2014-08-20 18:36:14-442    扫描执行成功
2014-08-20 18:36:18-864    扫描执行成功
2014-08-20 18:36:28-282    扫描执行成功
2014-08-20 18:36:30-899    连接设备成功
2014-08-20 18:41:51-178    初始化成功
2014-08-20 18:41:51-395    扫描执行成功
2014-08-20 18:41:58-410    扫描执行成功
2014-08-20 18:41:58-629    扫描执行成功
2014-08-20 18:41:59-041    扫描执行成功
2014-08-20 18:42:03-455    扫描执行成功
2014-08-20 18:42:05-276    连接设备成功
2014-08-20 18:44:59-266    初始化成功
2014-08-20 18:44:59-494    扫描执行成功
2014-08-20 18:45:03-709    扫描执行成功
2014-08-20 18:45:04-323    扫描执行成功
2014-08-20 18:45:04-950    扫描执行成功
2014-08-20 18:45:06-964    扫描执行成功
2014-08-20 18:45:11-733    扫描执行成功
2014-08-20 18:45:12-162    扫描执行成功
2014-08-20 18:45:12-375    连接设备成功
2014-08-20 18:45:12-614    该设备已经连接
2014-08-20 18:45:12-826    该设备已经连接
2014-08-20 18:45:13-041    该设备已经连接
2014-08-20 18:45:13-255    该设备已经连接
2014-08-20 18:45:26-233    初始化成功
2014-08-20 18:45:26-498    扫描执行成功
2014-08-20 18:45:27-520    连接设备成功
2014-08-20 18:46:22-937    扫描执行成功
2014-08-20 18:46:30-571    扫描执行成功
2014-08-20 18:46:32-988    扫描执行成功
2014-08-20 18:46:34-024    扫描执行成功
2014-08-20 18:46:43-237    扫描执行成功
2014-08-20 18:46:45-253    连接设备成功
2014-08-20 18:47:53-070    扫描执行成功
2014-08-20 18:47:58-479    扫描执行成功
2014-08-20 18:48:06-109    扫描执行成功
2014-08-20 18:48:06-323    扫描执行成功
2014-08-20 18:48:07-135    扫描执行成功
2014-08-20 18:48:18-152    扫描执行成功
2014-08-20 18:48:21-767    扫描执行成功
2014-08-20 18:48:23-403    扫描执行成功
2014-08-20 18:48:25-419    扫描执行成功
2014-08-20 18:48:46-371    初始化成功
2014-08-20 18:48:46-599    扫描执行成功
2014-08-20 18:48:52-411    连接设备成功
2014-08-20 18:51:28-045    扫描执行成功
2014-08-20 18:51:30-679    连接设备成功
2014-08-20 18:52:30-121    扫描执行成功
2014-08-20 18:52:32-137    扫描执行成功
2014-08-20 18:52:33-966    扫描执行成功
2014-08-20 18:52:50-584    扫描执行成功
2014-08-20 18:52:59-599    扫描执行成功
2014-08-20 18:53:25-015    扫描执行成功
2014-08-20 18:53:36-975    初始化成功
2014-08-20 18:53:37-192    扫描执行成功
2014-08-20 18:53:37-404    连接设备成功
2014-08-20 18:54:25-759    扫描执行成功
2014-08-20 18:54:39-682    扫描执行成功
2014-08-20 18:54:39-897    扫描执行成功
2014-08-20 18:57:47-240    初始化成功
2014-08-20 18:57:47-453    扫描执行成功
2014-08-20 18:57:49-065    扫描执行成功
2014-08-20 18:57:51-077    扫描执行成功
2014-08-20 18:57:52-904    扫描执行成功
2014-08-20 18:57:55-044    扫描执行成功
2014-08-20 18:57:57-074    扫描执行成功
2014-08-20 18:57:59-090    扫描执行成功
2014-08-20 18:57:59-306    连接设备成功
2014-08-20 18:59:30-526    扫描执行成功
2014-08-20 18:59:32-559    扫描执行成功
2014-08-20 18:59:34-570    扫描执行成功
2014-08-20 18:59:36-590    扫描执行成功
2014-08-20 18:59:38-617    扫描执行成功
2014-08-20 18:59:40-712    扫描执行成功
2014-08-20 18:59:42-742    扫描执行成功
2014-08-20 18:59:42-953    连接设备成功
2014-08-20 19:00:50-172    扫描执行成功
2014-08-20 19:00:52-184    扫描执行成功
2014-08-20 19:00:54-212    扫描执行成功
2014-08-20 19:00:56-248    扫描执行成功
2014-08-20 19:00:58-266    扫描执行成功
2014-08-20 19:00:58-494    连接设备成功
2014-08-20 19:01:50-528    扫描执行成功
2014-08-20 19:01:52-555    扫描执行成功
2014-08-20 19:01:54-566    扫描执行成功
2014-08-20 19:01:54-786    连接设备成功
2014-08-20 19:14:09-718    初始化成功
2014-08-20 19:14:09-936    扫描执行成功
2014-08-20 19:14:10-139    连接设备成功
2014-08-20 19:14:59-827    扫描执行成功
2014-08-20 19:15:01-886    扫描执行成功
2014-08-20 19:15:03-914    扫描执行成功
2014-08-20 19:15:04-126    连接设备成功
