2014-08-28 09:17:52-892    初始化成功
2014-08-28 09:17:53-121    扫描执行成功
2014-08-28 09:17:53-339    连接设备成功
2014-08-28 09:18:13-791    设备192.168.0.120复位
2014-08-28 09:20:06-564    初始化成功
2014-08-28 09:20:06-796    扫描执行成功
2014-08-28 09:20:07-015    连接设备成功
2014-08-28 09:21:20-082    初始化成功
2014-08-28 09:21:20-318    扫描执行成功
2014-08-28 09:21:20-551    连接设备成功
2014-08-28 09:26:52-161    初始化成功
2014-08-28 09:26:52-419    扫描执行成功
2014-08-28 09:26:52-637    连接设备成功
2014-08-28 09:28:07-350    初始化成功
2014-08-28 09:28:07-591    扫描执行成功
2014-08-28 09:28:07-809    连接设备成功
2014-08-28 09:28:22-490    初始化成功
2014-08-28 09:28:22-700    扫描执行成功
2014-08-28 09:28:22-946    连接设备成功
2014-08-28 09:30:01-071    初始化成功
2014-08-28 09:30:01-281    扫描执行成功
2014-08-28 09:30:01-523    连接设备成功
2014-08-28 09:31:41-002    初始化成功
2014-08-28 09:31:41-245    扫描执行成功
2014-08-28 09:31:41-463    连接设备成功
2014-08-28 09:32:30-314    初始化成功
2014-08-28 09:32:30-524    扫描执行成功
2014-08-28 09:32:30-752    连接设备成功
2014-08-28 10:12:47-903    初始化成功
2014-08-28 10:12:48-113    扫描执行成功
2014-08-28 10:12:48-357    连接设备成功
2014-08-28 10:16:13-843    初始化成功
2014-08-28 10:16:14-071    扫描执行成功
2014-08-28 10:16:14-290    连接设备成功
2014-08-28 10:21:33-648    初始化成功
2014-08-28 10:21:33-882    扫描执行成功
2014-08-28 10:21:34-084    连接设备成功
2014-08-28 10:49:32-256    初始化成功
2014-08-28 10:49:32-500    扫描执行成功
2014-08-28 10:49:32-703    连接设备成功
2014-08-28 10:54:57-423    初始化成功
2014-08-28 10:54:57-644    扫描执行成功
2014-08-28 10:54:57-847    连接设备成功
2014-08-28 10:56:44-207    初始化成功
2014-08-28 10:56:44-417    扫描执行成功
2014-08-28 10:56:44-627    连接设备成功
2014-08-28 10:58:52-978    初始化成功
2014-08-28 10:58:53-208    扫描执行成功
2014-08-28 10:58:53-431    连接设备成功
2014-08-28 11:06:34-557    初始化成功
2014-08-28 11:06:34-767    扫描执行成功
2014-08-28 11:06:35-000    连接设备成功
2014-08-28 11:08:54-566    初始化成功
2014-08-28 11:08:54-776    扫描执行成功
2014-08-28 11:08:55-011    连接设备成功
2014-08-28 11:12:05-135    初始化成功
2014-08-28 11:12:05-357    扫描执行成功
2014-08-28 11:12:05-575    连接设备成功
2014-08-28 11:22:14-652    初始化成功
2014-08-28 11:22:14-870    扫描执行成功
2014-08-28 11:22:15-089    连接设备成功
2014-08-28 11:23:19-555    初始化成功
2014-08-28 11:23:19-775    扫描执行成功
2014-08-28 11:23:20-001    连接设备成功
2014-08-28 11:27:01-561    初始化成功
2014-08-28 11:27:01-791    扫描执行成功
2014-08-28 11:27:02-019    连接设备成功
2014-08-28 11:27:50-310    初始化成功
2014-08-28 11:27:50-611    扫描执行成功
2014-08-28 11:27:50-827    连接设备成功
2014-08-28 11:52:52-877    初始化成功
2014-08-28 11:52:53-097    扫描执行成功
2014-08-28 11:52:53-332    连接设备成功
2014-08-28 11:53:31-523    初始化成功
2014-08-28 11:53:31-733    扫描执行成功
2014-08-28 11:53:31-961    连接设备成功
2014-08-28 11:57:19-873    初始化成功
2014-08-28 11:57:20-083    扫描执行成功
2014-08-28 11:57:20-325    连接设备成功
2014-08-28 11:58:35-683    初始化成功
2014-08-28 11:58:35-893    扫描执行成功
2014-08-28 11:58:36-116    连接设备成功
2014-08-28 12:00:24-693    初始化成功
2014-08-28 12:00:24-903    扫描执行成功
2014-08-28 12:00:25-124    连接设备成功
2014-08-28 12:01:17-859    初始化成功
2014-08-28 12:01:18-069    扫描执行成功
2014-08-28 12:01:18-320    连接设备成功
2014-08-28 12:02:13-818    初始化成功
2014-08-28 12:02:14-084    扫描执行成功
2014-08-28 12:02:14-318    连接设备成功
2014-08-28 12:02:53-237    初始化成功
2014-08-28 12:02:53-455    扫描执行成功
2014-08-28 12:02:53-674    连接设备成功
2014-08-28 12:03:05-218    初始化成功
2014-08-28 12:03:05-452    扫描执行成功
2014-08-28 12:03:05-655    连接设备成功
2014-08-28 12:04:44-151    初始化成功
2014-08-28 12:04:44-371    扫描执行成功
2014-08-28 12:04:44-599    连接设备成功
2014-08-28 12:05:06-829    初始化成功
2014-08-28 12:05:07-049    扫描执行成功
2014-08-28 12:05:07-280    连接设备成功
2014-08-28 12:06:57-844    初始化成功
2014-08-28 12:06:58-064    扫描执行成功
2014-08-28 12:06:58-329    连接设备成功
2014-08-28 12:09:45-449    初始化成功
2014-08-28 12:09:45-659    扫描执行成功
2014-08-28 12:09:45-881    连接设备成功
2014-08-28 12:11:29-842    初始化成功
2014-08-28 12:11:30-057    扫描执行成功
2014-08-28 12:11:30-276    连接设备成功
2014-08-28 13:36:18-043    初始化成功
2014-08-28 13:36:18-253    扫描执行成功
2014-08-28 13:36:18-485    连接设备成功
2014-08-28 13:41:40-984    初始化成功
2014-08-28 13:41:41-184    扫描执行成功
2014-08-28 13:41:41-408    连接设备成功
2014-08-28 13:45:08-332    初始化成功
2014-08-28 13:45:08-552    扫描执行成功
2014-08-28 13:45:08-791    连接设备成功
2014-08-28 13:52:09-504    初始化成功
2014-08-28 13:52:09-833    扫描执行成功
2014-08-28 13:52:10-051    连接设备成功
2014-08-28 13:58:22-881    初始化成功
2014-08-28 13:58:23-091    扫描执行成功
2014-08-28 13:58:23-312    连接设备成功
2014-08-28 14:02:14-588    初始化成功
2014-08-28 14:02:14-798    扫描执行成功
2014-08-28 14:02:15-008    连接设备成功
2014-08-28 14:02:48-818    初始化成功
2014-08-28 14:02:49-028    扫描执行成功
2014-08-28 14:02:49-261    连接设备成功
2014-08-28 14:11:59-997    初始化成功
2014-08-28 14:12:00-217    扫描执行成功
2014-08-28 14:12:00-447    连接设备成功
2014-08-28 14:18:37-307    初始化成功
2014-08-28 14:18:37-517    扫描执行成功
2014-08-28 14:18:37-744    连接设备成功
2014-08-28 14:21:08-413    初始化成功
2014-08-28 14:21:08-623    扫描执行成功
2014-08-28 14:21:08-858    连接设备成功
2014-08-28 14:26:30-930    初始化成功
2014-08-28 14:26:31-142    扫描执行成功
2014-08-28 14:26:31-352    扫描执行成功
2014-08-28 14:26:31-562    连接设备成功
2014-08-28 14:26:31-772    该设备已经连接
2014-08-28 14:26:31-988    该设备已经连接
2014-08-28 14:26:32-206    该设备已经连接
2014-08-28 14:26:32-425    该设备已经连接
2014-08-28 14:26:52-994    初始化成功
2014-08-28 14:26:53-204    扫描执行成功
2014-08-28 14:26:53-427    连接设备成功
2014-08-28 14:36:26-571    初始化成功
2014-08-28 14:36:26-781    扫描执行成功
2014-08-28 14:36:27-004    连接设备成功
2014-08-28 14:40:07-212    初始化成功
2014-08-28 14:40:07-435    扫描执行成功
2014-08-28 14:40:07-653    连接设备成功
2014-08-28 14:41:35-673    初始化成功
2014-08-28 14:41:35-893    扫描执行成功
2014-08-28 14:41:36-128    连接设备成功
2014-08-28 14:44:54-279    初始化成功
2014-08-28 14:44:54-489    扫描执行成功
2014-08-28 14:44:54-715    连接设备成功
2014-08-28 14:45:47-020    初始化成功
2014-08-28 14:45:47-240    扫描执行成功
2014-08-28 14:45:47-466    连接设备成功
2014-08-28 14:48:21-723    初始化成功
2014-08-28 14:48:21-933    扫描执行成功
2014-08-28 14:48:22-165    连接设备成功
2014-08-28 14:51:42-453    初始化成功
2014-08-28 14:51:42-673    扫描执行成功
2014-08-28 14:51:42-900    连接设备成功
2014-08-28 14:53:44-708    初始化成功
2014-08-28 14:53:44-939    扫描执行成功
2014-08-28 14:53:45-142    连接设备成功
2014-08-28 15:27:54-905    初始化成功
2014-08-28 15:27:55-134    扫描执行成功
2014-08-28 15:27:55-352    连接设备成功
2014-08-28 15:33:47-942    初始化成功
2014-08-28 15:33:48-235    扫描执行成功
2014-08-28 15:33:48-454    连接设备成功
2014-08-28 15:36:31-664    扫描执行成功
2014-08-28 15:36:31-867    扫描执行成功
2014-08-28 15:36:33-900    扫描执行成功
2014-08-28 15:36:35-946    扫描执行成功
2014-08-28 15:36:38-013    扫描执行成功
2014-08-28 15:36:40-064    扫描执行成功
2014-08-28 15:36:42-108    扫描执行成功
2014-08-28 15:36:43-958    扫描执行成功
2014-08-28 15:36:46-041    扫描执行成功
2014-08-28 15:36:48-085    扫描执行成功
2014-08-28 15:36:50-023    扫描执行成功
2014-08-28 15:36:52-077    扫描执行成功
2014-08-28 15:36:54-123    扫描执行成功
2014-08-28 15:36:56-187    扫描执行成功
2014-08-28 15:36:58-030    扫描执行成功
2014-08-28 15:37:00-077    扫描执行成功
2014-08-28 15:37:02-128    扫描执行成功
2014-08-28 15:37:04-176    扫描执行成功
2014-08-28 15:37:06-204    扫描执行成功
2014-08-28 15:37:08-258    扫描执行成功
2014-08-28 15:37:10-106    扫描执行成功
2014-08-28 15:39:05-830    初始化成功
2014-08-28 15:39:06-050    扫描执行成功
2014-08-28 15:39:06-280    连接设备成功
2014-08-28 15:39:55-372    扫描执行成功
2014-08-28 15:39:56-594    扫描执行成功
2014-08-28 15:39:58-643    扫描执行成功
2014-08-28 15:40:00-691    扫描执行成功
2014-08-28 15:40:02-727    扫描执行成功
2014-08-28 15:40:04-575    扫描执行成功
2014-08-28 15:40:06-624    扫描执行成功
2014-08-28 15:40:08-657    扫描执行成功
2014-08-28 15:40:10-703    扫描执行成功
2014-08-28 15:40:12-737    扫描执行成功
2014-08-28 15:40:14-622    扫描执行成功
2014-08-28 15:40:16-672    扫描执行成功
2014-08-28 15:40:18-719    扫描执行成功
2014-08-28 15:40:20-837    扫描执行成功
2014-08-28 15:40:22-680    扫描执行成功
2014-08-28 15:40:24-727    扫描执行成功
2014-08-28 15:40:26-775    扫描执行成功
2014-08-28 15:40:28-808    扫描执行成功
2014-08-28 15:40:34-525    扫描执行成功
2014-08-28 15:41:02-214    扫描执行成功
2014-08-28 15:41:10-166    连接设备成功
2014-08-28 15:56:03-777    扫描执行成功
2014-08-28 15:56:04-397    扫描执行成功
2014-08-28 15:56:05-017    扫描执行成功
2014-08-28 15:56:06-837    扫描执行成功
2014-08-28 15:56:09-657    扫描执行成功
2014-08-28 15:56:10-477    扫描执行成功
2014-08-28 15:56:12-697    扫描执行成功
2014-08-28 15:56:19-937    扫描执行成功
2014-08-28 15:56:22-557    连接设备成功
2014-08-28 15:56:40-779    设备192.168.0.220复位
2014-08-28 15:56:53-149    初始化成功
2014-08-28 15:56:53-369    扫描执行成功
2014-08-28 15:56:53-579    连接设备成功
2014-08-28 15:57:02-789    扫描执行成功
2014-08-28 15:57:04-799    扫描执行成功
2014-08-28 15:57:06-679    扫描执行成功
2014-08-28 15:57:08-709    扫描执行成功
2014-08-28 15:57:08-919    连接设备成功
2014-08-28 15:58:30-734    扫描执行成功
2014-08-28 15:58:32-754    扫描执行成功
2014-08-28 15:58:34-764    扫描执行成功
2014-08-28 15:58:35-004    该设备已经连接
2014-08-28 15:58:35-214    该设备已经连接
2014-08-28 15:58:35-434    该设备已经连接
2014-08-28 15:58:35-644    该设备已经连接
2014-08-28 15:58:36-654    扫描执行成功
2014-08-28 15:58:36-864    该设备已经连接
2014-08-28 15:58:37-074    该设备已经连接
2014-08-28 15:58:37-284    该设备已经连接
2014-08-28 15:58:37-504    该设备已经连接
2014-08-28 15:58:38-714    扫描执行成功
2014-08-28 15:58:38-924    该设备已经连接
2014-08-28 15:58:39-134    该设备已经连接
2014-08-28 15:58:39-344    该设备已经连接
2014-08-28 15:58:39-554    该设备已经连接
2014-08-28 15:58:40-774    扫描执行成功
2014-08-28 15:58:40-984    该设备已经连接
2014-08-28 15:58:41-194    该设备已经连接
2014-08-28 15:58:41-404    该设备已经连接
2014-08-28 15:58:41-614    该设备已经连接
2014-08-28 15:58:42-824    扫描执行成功
2014-08-28 15:58:43-044    该设备已经连接
2014-08-28 15:58:43-254    该设备已经连接
2014-08-28 15:58:43-474    该设备已经连接
2014-08-28 15:58:43-684    该设备已经连接
2014-08-28 15:58:44-694    扫描执行成功
2014-08-28 15:58:44-934    该设备已经连接
2014-08-28 15:58:45-144    该设备已经连接
2014-08-28 15:58:45-394    该设备已经连接
2014-08-28 15:58:45-604    该设备已经连接
2014-08-28 15:58:46-814    扫描执行成功
2014-08-28 15:58:47-034    该设备已经连接
2014-08-28 15:58:47-234    该设备已经连接
2014-08-28 15:58:47-454    该设备已经连接
2014-08-28 15:58:47-664    该设备已经连接
2014-08-28 15:59:07-034    初始化成功
2014-08-28 15:59:07-244    扫描执行成功
2014-08-28 15:59:07-474    连接设备成功
2014-08-28 15:59:20-284    扫描执行成功
2014-08-28 15:59:22-104    扫描执行成功
2014-08-28 15:59:24-124    扫描执行成功
2014-08-28 15:59:26-134    扫描执行成功
2014-08-28 15:59:26-354    连接设备成功
2014-08-28 15:59:36-764    扫描执行成功
2014-08-28 15:59:38-784    扫描执行成功
2014-08-28 15:59:40-804    扫描执行成功
2014-08-28 15:59:42-824    扫描执行成功
2014-08-28 15:59:43-044    连接设备成功
2014-08-28 16:00:03-054    扫描执行成功
2014-08-28 16:00:28-713    初始化成功
2014-08-28 16:00:28-933    扫描执行成功
2014-08-28 16:00:30-143    扫描执行成功
2014-08-28 16:00:32-153    扫描执行成功
2014-08-28 16:00:32-393    连接设备成功
2014-08-28 16:01:16-004    扫描执行成功
2014-08-28 16:01:17-824    扫描执行成功
2014-08-28 16:01:19-844    扫描执行成功
2014-08-28 16:01:21-864    扫描执行成功
2014-08-28 16:01:22-074    连接设备成功
2014-08-28 16:02:14-293    扫描执行成功
2014-08-28 16:02:16-313    扫描执行成功
2014-08-28 16:02:18-333    扫描执行成功
2014-08-28 16:02:18-553    连接设备成功
2014-08-28 16:04:12-392    扫描执行成功
2014-08-28 16:04:13-812    扫描执行成功
2014-08-28 16:04:15-822    扫描执行成功
2014-08-28 16:04:17-842    扫描执行成功
2014-08-28 16:04:19-862    扫描执行成功
2014-08-28 16:04:21-872    扫描执行成功
2014-08-28 16:04:23-892    扫描执行成功
2014-08-28 16:04:32-522    扫描执行成功
2014-08-28 16:04:36-142    该设备已经连接
2014-08-28 16:09:33-550    该设备已经连接
2014-08-28 16:09:34-862    该设备已经连接
2014-08-28 16:09:35-282    该设备已经连接
2014-08-28 16:09:45-506    扫描执行成功
2014-08-28 16:11:26-564    初始化成功
2014-08-28 16:11:26-784    扫描执行成功
2014-08-28 16:11:26-994    扫描执行成功
2014-08-28 16:11:29-594    扫描执行成功
2014-08-28 16:11:32-694    扫描执行成功
2014-08-28 16:11:35-724    扫描执行成功
2014-08-28 16:11:38-744    扫描执行成功
2014-08-28 16:11:38-944    连接设备成功
2014-08-28 16:13:10-148    初始化成功
2014-08-28 16:13:10-368    扫描执行成功
2014-08-28 16:13:10-608    连接设备成功
2014-08-28 16:13:24-028    扫描执行成功
2014-08-28 16:13:27-038    扫描执行成功
2014-08-28 16:13:30-048    扫描执行成功
2014-08-28 16:13:30-268    连接设备成功
2014-08-28 16:14:13-714    初始化成功
2014-08-28 16:14:13-924    扫描执行成功
2014-08-28 16:14:14-134    扫描执行成功
2014-08-28 16:14:16-744    扫描执行成功
2014-08-28 16:14:19-764    扫描执行成功
2014-08-28 16:14:20-014    连接设备成功
2014-08-28 16:14:51-832    扫描执行成功
2014-08-28 16:14:54-852    扫描执行成功
2014-08-28 16:14:55-072    连接设备成功
2014-08-28 16:15:36-491    扫描执行成功
2014-08-28 16:15:39-511    扫描执行成功
2014-08-28 16:15:42-521    扫描执行成功
2014-08-28 16:15:42-731    连接设备成功
2014-08-28 16:16:07-141    扫描执行成功
2014-08-28 16:16:10-161    扫描执行成功
2014-08-28 16:16:10-381    连接设备成功
2014-08-28 16:16:46-154    初始化成功
2014-08-28 16:16:46-374    扫描执行成功
2014-08-28 16:16:46-584    扫描执行成功
2014-08-28 16:16:48-994    扫描执行成功
2014-08-28 16:16:49-214    连接设备成功
2014-08-28 16:17:03-445    扫描执行成功
2014-08-28 16:17:06-535    扫描执行成功
2014-08-28 16:17:09-555    扫描执行成功
2014-08-28 16:17:09-765    连接设备成功
2014-08-28 16:17:31-565    扫描执行成功
2014-08-28 16:18:12-281    初始化成功
2014-08-28 16:18:12-501    扫描执行成功
2014-08-28 16:18:12-711    扫描执行成功
2014-08-28 16:18:15-321    扫描执行成功
2014-08-28 16:18:18-331    扫描执行成功
2014-08-28 16:18:18-541    连接设备成功
2014-08-28 16:18:29-151    扫描执行成功
2014-08-28 16:18:32-161    扫描执行成功
2014-08-28 16:18:35-181    扫描执行成功
2014-08-28 16:18:35-391    连接设备成功
2014-08-28 16:18:52-401    扫描执行成功
2014-08-28 16:19:00-171    初始化成功
2014-08-28 16:19:00-391    扫描执行成功
2014-08-28 16:19:02-401    扫描执行成功
2014-08-28 16:19:05-411    扫描执行成功
2014-08-28 16:19:05-621    连接设备成功
2014-08-28 16:20:51-859    初始化成功
2014-08-28 16:20:52-069    扫描执行成功
2014-08-28 16:20:54-299    扫描执行成功
2014-08-28 16:20:57-119    扫描执行成功
2014-08-28 16:21:00-139    扫描执行成功
2014-08-28 16:21:03-149    扫描执行成功
2014-08-28 16:21:03-369    连接设备成功
2014-08-28 16:21:28-205    扫描执行成功
2014-08-28 16:21:31-225    扫描执行成功
2014-08-28 16:21:31-485    连接设备成功
2014-08-28 16:21:58-100    扫描执行成功
2014-08-28 16:22:01-120    扫描执行成功
2014-08-28 16:22:01-330    连接设备成功
