2014-08-13 09:24:53-406    初始化成功
2014-08-13 09:25:03-889    扫描执行成功
2014-08-13 09:25:05-714    扫描执行成功
2014-08-13 09:25:18-303    扫描执行成功
2014-08-13 09:26:31-777    扫描执行成功
2014-08-13 09:29:00-713    扫描执行成功
2014-08-13 09:29:03-053    连接设备成功
2014-08-13 16:01:58-341    初始化成功
2014-08-13 16:01:59-776    扫描执行成功
2014-08-13 16:02:01-820    连接设备成功
2014-08-13 16:16:09-255    初始化成功
2014-08-13 16:16:10-893    扫描执行成功
2014-08-13 16:16:13-139    连接设备成功
2014-08-13 16:16:45-197    连接设备成功
2014-08-13 16:16:57-584    连接设备成功
2014-08-13 16:21:23-656    连接设备成功
2014-08-13 16:27:37-070    初始化成功
2014-08-13 16:28:59-398    扫描执行成功
2014-08-13 16:29:00-834    连接设备成功
2014-08-13 16:29:22-549    连接设备成功
2014-08-13 16:29:34-327    连接设备成功
2014-08-13 16:32:23-733    初始化成功
2014-08-13 16:32:25-355    扫描执行成功
2014-08-13 16:32:28-210    连接设备成功
2014-08-13 16:32:29-676    连接设备成功
2014-08-13 16:33:17-427    初始化成功
2014-08-13 16:33:19-050    扫描执行成功
2014-08-13 16:33:20-079    连接设备成功
2014-08-13 16:33:21-343    连接设备成功
2014-08-13 16:36:36-846    连接设备成功
2014-08-13 16:36:49-841    连接设备成功
2014-08-13 16:45:50-951    初始化成功
2014-08-13 16:46:52-603    扫描执行成功
2014-08-13 16:46:54-647    连接设备成功
2014-08-13 16:46:55-692    连接设备成功
2014-08-13 16:50:15-156    初始化成功
2014-08-13 16:50:18-417    扫描执行成功
2014-08-13 16:50:22-083    连接设备成功
2014-08-13 16:50:23-518    连接设备成功
2014-08-13 16:52:16-281    初始化成功
2014-08-13 16:52:17-701    扫描执行成功
2014-08-13 16:52:18-933    连接设备成功
2014-08-13 16:52:20-181    连接设备成功
2014-08-13 17:05:32-046    初始化成功
2014-08-13 17:05:33-482    扫描执行成功
2014-08-13 17:05:35-322    连接设备成功
2014-08-13 17:05:36-758    连接设备成功
2014-08-13 17:06:10-751    初始化成功
2014-08-13 17:06:10-985    扫描执行成功
2014-08-13 17:06:22-341    初始化成功
2014-08-13 17:06:22-559    扫描执行成功
2014-08-13 17:06:24-587    连接设备成功
2014-08-13 17:06:25-726    连接设备成功
2014-08-13 17:06:42-111    初始化成功
2014-08-13 17:06:42-361    扫描执行成功
2014-08-13 17:11:05-775    初始化成功
2014-08-13 17:11:05-994    扫描执行成功
2014-08-13 17:11:08-658    连接设备成功
2014-08-13 17:11:12-539    连接设备成功
2014-08-13 17:17:17-538    初始化成功
2014-08-13 17:17:17-741    扫描执行成功
2014-08-13 17:20:18-169    初始化成功
2014-08-13 17:20:18-387    扫描执行成功
2014-08-13 17:21:35-620    初始化成功
2014-08-13 17:21:35-838    扫描执行成功
2014-08-13 17:21:42-935    连接设备成功
2014-08-13 17:21:45-789    连接设备成功
2014-08-13 17:22:27-564    初始化成功
2014-08-13 17:22:27-783    扫描执行成功
2014-08-13 17:24:17-782    初始化成功
2014-08-13 17:24:17-985    扫描执行成功
2014-08-13 19:18:43-356    初始化成功
2014-08-13 19:18:43-574    扫描执行成功
2014-08-13 19:21:15-455    初始化成功
2014-08-13 19:21:15-876    扫描执行成功
2014-08-13 19:24:55-825    连接设备成功
2014-08-13 19:24:57-479    连接设备成功
2014-08-13 19:28:23-042    初始化成功
2014-08-13 19:28:23-260    扫描执行成功
2014-08-13 19:36:18-406    初始化成功
2014-08-13 19:36:18-640    扫描执行成功
2014-08-13 19:36:58-801    连接设备时，建立SOCKET失败
2014-08-13 19:37:03-684    连接设备时，建立SOCKET失败
2014-08-13 19:37:06-757    连接设备时，建立SOCKET失败
2014-08-13 19:38:35-002    初始化成功
2014-08-13 19:38:35-221    扫描执行成功
2014-08-13 19:39:12-353    初始化成功
2014-08-13 19:39:12-572    扫描执行成功
2014-08-13 19:40:06-562    初始化成功
2014-08-13 19:40:06-781    扫描执行成功
2014-08-13 19:40:37-671    初始化成功
2014-08-13 19:40:37-889    扫描执行成功
2014-08-13 19:40:42-163    连接设备成功
2014-08-13 19:40:50-898    该设备已经连接
