2014-08-21 09:13:06-713    初始化成功
2014-08-21 09:13:06-961    扫描执行成功
2014-08-21 09:13:07-174    连接设备成功
2014-08-21 09:13:27-360    设备192.168.0.120复位
2014-08-21 09:14:35-677    初始化成功
2014-08-21 09:14:35-892    扫描执行成功
2014-08-21 09:14:37-503    扫描执行成功
2014-08-21 09:14:39-515    扫描执行成功
2014-08-21 09:14:41-332    扫描执行成功
2014-08-21 09:14:43-355    扫描执行成功
2014-08-21 09:14:45-428    扫描执行成功
2014-08-21 09:14:47-444    扫描执行成功
2014-08-21 09:14:47-657    连接设备成功
2014-08-21 09:16:12-086    初始化成功
2014-08-21 09:16:12-303    扫描执行成功
2014-08-21 09:16:12-515    连接设备成功
2014-08-21 09:17:37-119    初始化成功
2014-08-21 09:17:37-337    扫描执行成功
2014-08-21 09:17:37-540    连接设备成功
2014-08-21 09:18:44-826    扫描执行成功
2014-08-21 09:18:46-853    扫描执行成功
2014-08-21 09:18:48-880    扫描执行成功
2014-08-21 09:18:50-907    扫描执行成功
2014-08-21 09:18:52-950    扫描执行成功
2014-08-21 09:18:54-977    扫描执行成功
2014-08-21 09:18:57-045    扫描执行成功
2014-08-21 09:18:58-873    扫描执行成功
2014-08-21 09:19:00-900    扫描执行成功
2014-08-21 09:19:01-109    连接设备成功
2014-08-21 09:20:10-970    初始化成功
2014-08-21 09:20:11-188    扫描执行成功
2014-08-21 09:20:11-391    连接设备成功
2014-08-21 09:21:37-406    初始化成功
2014-08-21 09:21:37-625    扫描执行成功
2014-08-21 09:21:39-044    扫描执行成功
2014-08-21 09:21:41-087    扫描执行成功
2014-08-21 09:21:43-130    扫描执行成功
2014-08-21 09:21:45-158    扫描执行成功
2014-08-21 09:21:47-186    扫描执行成功
2014-08-21 09:21:49-213    扫描执行成功
2014-08-21 09:21:51-241    扫描执行成功
2014-08-21 09:21:53-175    扫描执行成功
2014-08-21 09:21:55-203    扫描执行成功
2014-08-21 09:21:57-153    扫描执行成功
2014-08-21 09:21:59-180    扫描执行成功
2014-08-21 09:22:01-224    扫描执行成功
2014-08-21 09:22:17-626    初始化成功
2014-08-21 09:22:17-844    扫描执行成功
2014-08-21 09:22:19-456    扫描执行成功
2014-08-21 09:22:21-283    扫描执行成功
2014-08-21 09:22:23-301    扫描执行成功
2014-08-21 09:22:25-380    扫描执行成功
2014-08-21 09:22:25-595    连接设备成功
2014-08-21 09:23:12-643    初始化成功
2014-08-21 09:23:12-861    扫描执行成功
2014-08-21 09:23:14-275    扫描执行成功
2014-08-21 09:23:16-294    扫描执行成功
2014-08-21 09:23:18-305    扫描执行成功
2014-08-21 09:23:20-443    扫描执行成功
2014-08-21 09:23:22-456    扫描执行成功
2014-08-21 09:23:22-666    连接设备成功
2014-08-21 09:24:38-276    扫描执行成功
2014-08-21 09:24:41-697    扫描执行成功
2014-08-21 09:24:43-328    扫描执行成功
2014-08-21 09:25:05-857    初始化成功
2014-08-21 09:25:06-116    扫描执行成功
2014-08-21 09:25:06-335    连接设备成功
2014-08-21 09:31:53-977    初始化成功
2014-08-21 09:31:54-192    扫描执行成功
2014-08-21 09:31:55-604    扫描执行成功
2014-08-21 09:31:57-621    扫描执行成功
2014-08-21 09:31:59-639    扫描执行成功
2014-08-21 09:32:01-657    扫描执行成功
2014-08-21 09:32:03-667    扫描执行成功
2014-08-21 09:32:03-887    连接设备成功
2014-08-21 09:38:26-419    初始化成功
2014-08-21 09:38:26-685    扫描执行成功
2014-08-21 09:38:28-120    扫描执行成功
2014-08-21 09:38:30-148    扫描执行成功
2014-08-21 09:38:32-187    扫描执行成功
2014-08-21 09:38:32-397    连接设备成功
2014-08-21 09:50:12-997    初始化成功
2014-08-21 09:50:13-215    扫描执行成功
2014-08-21 09:50:13-418    连接设备成功
2014-08-21 09:54:41-587    初始化成功
2014-08-21 09:54:41-805    扫描执行成功
2014-08-21 09:54:42-008    连接设备成功
2014-08-21 09:55:13-451    初始化成功
2014-08-21 09:55:13-685    扫描执行成功
2014-08-21 09:55:15-121    扫描执行成功
2014-08-21 09:55:17-227    扫描执行成功
2014-08-21 09:55:19-260    扫描执行成功
2014-08-21 09:55:19-560    连接设备成功
2014-08-21 10:22:05-763    初始化成功
2014-08-21 10:22:06-011    扫描执行成功
2014-08-21 10:22:06-233    连接设备成功
2014-08-21 10:24:21-236    初始化成功
2014-08-21 10:24:21-532    扫描执行成功
2014-08-21 10:24:22-966    扫描执行成功
2014-08-21 10:24:25-009    扫描执行成功
2014-08-21 10:24:27-036    扫描执行成功
2014-08-21 10:24:29-079    扫描执行成功
2014-08-21 10:24:30-919    扫描执行成功
2014-08-21 10:24:32-946    扫描执行成功
2014-08-21 10:24:34-988    扫描执行成功
2014-08-21 10:24:37-015    扫描执行成功
2014-08-21 10:24:39-058    扫描执行成功
2014-08-21 10:24:41-101    扫描执行成功
2014-08-21 10:24:43-143    扫描执行成功
2014-08-21 10:24:45-186    扫描执行成功
2014-08-21 10:24:47-010    扫描执行成功
2014-08-21 10:24:49-037    扫描执行成功
2014-08-21 10:24:51-095    扫描执行成功
2014-08-21 10:24:53-138    扫描执行成功
2014-08-21 10:24:55-196    扫描执行成功
2014-08-21 10:24:57-239    扫描执行成功
2014-08-21 10:24:59-266    扫描执行成功
2014-08-21 10:25:01-106    扫描执行成功
2014-08-21 10:25:03-148    扫描执行成功
2014-08-21 10:25:05-238    扫描执行成功
2014-08-21 10:25:07-265    扫描执行成功
2014-08-21 10:25:09-307    扫描执行成功
2014-08-21 10:25:15-155    初始化成功
2014-08-21 10:25:15-388    扫描执行成功
2014-08-21 10:25:16-839    扫描执行成功
2014-08-21 10:25:18-881    扫描执行成功
2014-08-21 10:25:19-086    连接设备成功
2014-08-21 10:26:04-590    初始化成功
2014-08-21 10:26:04-825    扫描执行成功
2014-08-21 10:26:06-236    扫描执行成功
2014-08-21 10:26:08-255    扫描执行成功
2014-08-21 10:26:10-331    扫描执行成功
2014-08-21 10:26:10-552    连接设备成功
2014-08-21 10:33:30-900    初始化成功
2014-08-21 10:33:31-103    扫描执行成功
2014-08-21 10:33:31-321    连接设备成功
2014-08-21 10:33:43-868    初始化成功
2014-08-21 10:33:44-086    扫描执行成功
2014-08-21 10:33:45-537    扫描执行成功
2014-08-21 10:33:47-565    扫描执行成功
2014-08-21 10:33:49-608    扫描执行成功
2014-08-21 10:33:51-652    扫描执行成功
2014-08-21 10:33:53-695    扫描执行成功
2014-08-21 10:33:55-739    扫描执行成功
2014-08-21 10:33:57-595    扫描执行成功
2014-08-21 10:33:57-870    连接设备成功
2014-08-21 10:34:36-747    初始化成功
2014-08-21 10:34:36-965    扫描执行成功
2014-08-21 10:34:37-168    连接设备成功
2014-08-21 10:35:26-460    扫描执行成功
2014-08-21 10:35:28-503    扫描执行成功
2014-08-21 10:35:30-360    扫描执行成功
2014-08-21 10:35:32-403    扫描执行成功
2014-08-21 10:35:34-431    扫描执行成功
2014-08-21 10:35:36-475    扫描执行成功
2014-08-21 10:35:38-514    扫描执行成功
2014-08-21 10:35:38-744    连接设备成功
2014-08-21 10:36:20-925    扫描执行成功
2014-08-21 10:36:21-119    该设备已经连接
2014-08-21 10:36:21-329    该设备已经连接
2014-08-21 10:36:21-539    该设备已经连接
2014-08-21 10:36:21-749    该设备已经连接
2014-08-21 10:36:22-972    扫描执行成功
2014-08-21 10:36:23-183    该设备已经连接
2014-08-21 10:36:23-383    该设备已经连接
2014-08-21 10:36:23-593    该设备已经连接
2014-08-21 10:36:23-803    该设备已经连接
2014-08-21 10:36:25-045    扫描执行成功
2014-08-21 10:36:25-255    该设备已经连接
2014-08-21 10:36:25-465    该设备已经连接
2014-08-21 10:36:25-675    该设备已经连接
2014-08-21 10:36:25-885    该设备已经连接
2014-08-21 10:36:39-518    初始化成功
2014-08-21 10:36:39-752    扫描执行成功
2014-08-21 10:36:39-955    连接设备成功
2014-08-21 10:37:47-287    扫描执行成功
2014-08-21 10:37:49-315    扫描执行成功
2014-08-21 10:37:51-358    扫描执行成功
2014-08-21 10:37:53-402    扫描执行成功
2014-08-21 10:37:55-258    扫描执行成功
2014-08-21 10:37:57-302    扫描执行成功
2014-08-21 10:37:59-345    扫描执行成功
2014-08-21 10:38:01-389    扫描执行成功
2014-08-21 10:38:03-433    扫描执行成功
2014-08-21 10:38:05-476    扫描执行成功
2014-08-21 10:38:07-317    扫描执行成功
2014-08-21 10:38:09-361    扫描执行成功
2014-08-21 10:38:11-404    扫描执行成功
2014-08-21 10:38:13-448    扫描执行成功
2014-08-21 10:38:15-476    扫描执行成功
2014-08-21 10:38:17-519    扫描执行成功
2014-08-21 10:38:19-547    扫描执行成功
2014-08-21 10:38:21-591    扫描执行成功
2014-08-21 10:38:23-432    扫描执行成功
2014-08-21 10:38:25-475    扫描执行成功
2014-08-21 10:38:27-519    扫描执行成功
2014-08-21 10:38:29-562    扫描执行成功
2014-08-21 10:38:31-606    扫描执行成功
2014-08-21 10:38:33-650    扫描执行成功
2014-08-21 10:38:35-490    扫描执行成功
2014-08-21 10:38:37-534    扫描执行成功
2014-08-21 10:38:39-578    扫描执行成功
2014-08-21 10:38:41-621    扫描执行成功
2014-08-21 10:38:43-665    扫描执行成功
2014-08-21 10:38:45-708    扫描执行成功
2014-08-21 10:38:47-752    扫描执行成功
2014-08-21 10:38:49-593    扫描执行成功
2014-08-21 10:38:51-621    扫描执行成功
2014-08-21 10:38:53-649    扫描执行成功
2014-08-21 10:38:55-692    扫描执行成功
2014-08-21 10:39:07-275    扫描执行成功
2014-08-21 10:39:14-997    扫描执行成功
2014-08-21 10:39:52-727    扫描执行成功
2014-08-21 10:40:22-967    连接设备成功
2014-08-21 10:42:23-769    初始化成功
2014-08-21 10:42:23-987    扫描执行成功
2014-08-21 10:42:27-248    连接设备成功
2014-08-21 10:44:05-619    初始化成功
2014-08-21 10:44:05-838    扫描执行成功
2014-08-21 10:44:12-733    扫描执行成功
2014-08-21 10:44:12-936    扫描执行成功
2014-08-21 10:44:14-153    扫描执行成功
2014-08-21 10:44:27-857    初始化成功
2014-08-21 10:44:28-060    扫描执行成功
2014-08-21 10:44:58-339    初始化成功
2014-08-21 10:44:58-558    扫描执行成功
2014-08-21 10:44:58-760    连接设备成功
2014-08-21 10:45:11-752    初始化成功
2014-08-21 10:45:11-970    扫描执行成功
2014-08-21 10:45:13-593    扫描执行成功
2014-08-21 10:45:15-433    扫描执行成功
2014-08-21 10:45:17-477    扫描执行成功
2014-08-21 10:45:17-683    连接设备成功
2014-08-21 10:46:21-589    扫描执行成功
2014-08-21 10:46:23-633    扫描执行成功
2014-08-21 10:46:25-676    扫描执行成功
2014-08-21 10:46:27-704    扫描执行成功
2014-08-21 10:46:29-748    扫描执行成功
2014-08-21 10:46:31-589    扫描执行成功
2014-08-21 10:46:31-798    连接设备成功
2014-08-21 10:46:46-394    扫描执行成功
2014-08-21 10:46:46-604    该设备已经连接
2014-08-21 10:46:46-814    该设备已经连接
2014-08-21 10:46:47-024    该设备已经连接
2014-08-21 10:46:47-234    该设备已经连接
2014-08-21 10:46:48-480    扫描执行成功
2014-08-21 10:46:50-352    扫描执行成功
2014-08-21 10:46:52-396    扫描执行成功
2014-08-21 10:46:54-424    扫描执行成功
2014-08-21 10:46:56-457    扫描执行成功
2014-08-21 10:46:56-667    该设备已经连接
2014-08-21 10:46:56-877    该设备已经连接
2014-08-21 10:46:57-087    该设备已经连接
2014-08-21 10:46:57-287    该设备已经连接
2014-08-21 10:46:58-520    扫描执行成功
2014-08-21 10:46:58-750    该设备已经连接
2014-08-21 10:46:58-960    该设备已经连接
2014-08-21 10:46:59-170    该设备已经连接
2014-08-21 10:46:59-391    该设备已经连接
2014-08-21 10:47:00-421    扫描执行成功
2014-08-21 10:47:00-688    该设备已经连接
2014-08-21 10:47:00-908    该设备已经连接
2014-08-21 10:47:01-118    该设备已经连接
2014-08-21 10:47:01-328    该设备已经连接
2014-08-21 10:47:02-551    扫描执行成功
2014-08-21 10:47:02-761    该设备已经连接
2014-08-21 10:47:02-971    该设备已经连接
2014-08-21 10:47:03-181    该设备已经连接
2014-08-21 10:47:03-391    该设备已经连接
2014-08-21 10:47:04-436    扫描执行成功
2014-08-21 10:47:04-694    该设备已经连接
2014-08-21 10:47:04-904    该设备已经连接
2014-08-21 10:47:05-114    该设备已经连接
2014-08-21 10:47:05-324    该设备已经连接
2014-08-21 10:47:24-738    初始化成功
2014-08-21 10:47:24-956    扫描执行成功
2014-08-21 10:47:27-796    连接设备成功
2014-08-21 10:49:14-082    扫描执行成功
2014-08-21 10:49:18-965    扫描执行成功
2014-08-21 10:49:20-806    扫描执行成功
2014-08-21 10:49:23-645    扫描执行成功
2014-08-21 10:49:24-066    扫描执行成功
2014-08-21 10:49:25-907    扫描执行成功
2014-08-21 10:49:27-951    扫描执行成功
2014-08-21 10:49:29-979    扫描执行成功
2014-08-21 10:49:31-882    扫描执行成功
2014-08-21 10:49:38-998    扫描执行成功
2014-08-21 10:49:44-084    扫描执行成功
2014-08-21 10:49:48-358    扫描执行成功
2014-08-21 10:50:07-624    扫描执行成功
2014-08-21 10:50:13-926    连接设备成功
2014-08-21 10:56:58-832    扫描执行成功
2014-08-21 11:01:24-793    初始化成功
2014-08-21 11:01:24-996    扫描执行成功
2014-08-21 11:01:37-772    扫描执行成功
2014-08-21 11:01:37-975    扫描执行成功
2014-08-21 11:01:38-599    扫描执行成功
2014-08-21 11:01:40-643    扫描执行成功
2014-08-21 11:01:42-686    扫描执行成功
2014-08-21 11:02:00-411    初始化成功
2014-08-21 11:02:00-645    扫描执行成功
2014-08-21 11:02:06-932    连接设备成功
2014-08-21 11:03:14-871    扫描执行成功
2014-08-21 11:03:20-146    扫描执行成功
2014-08-21 11:03:27-447    扫描执行成功
2014-08-21 11:03:28-680    扫描执行成功
2014-08-21 11:03:30-723    扫描执行成功
2014-08-21 11:03:32-783    扫描执行成功
2014-08-21 11:03:36-043    扫描执行成功
2014-08-21 11:03:36-464    扫描执行成功
2014-08-21 11:03:38-508    扫描执行成功
2014-08-21 11:03:40-364    扫描执行成功
2014-08-21 11:03:42-408    扫描执行成功
2014-08-21 11:04:08-280    扫描执行成功
2014-08-21 11:04:10-526    连接设备成功
2014-08-21 11:05:40-457    初始化成功
2014-08-21 11:05:40-675    扫描执行成功
2014-08-21 11:05:43-717    连接设备成功
2014-08-21 11:06:35-236    扫描执行成功
2014-08-21 11:06:35-439    扫描执行成功
2014-08-21 11:06:37-670    扫描执行成功
2014-08-21 11:06:38-294    扫描执行成功
2014-08-21 11:07:00-008    扫描执行成功
2014-08-21 11:07:00-227    扫描执行成功
2014-08-21 11:07:00-445    扫描执行成功
2014-08-21 11:07:02-285    扫描执行成功
2014-08-21 11:07:04-329    扫描执行成功
2014-08-21 11:07:06-372    扫描执行成功
2014-08-21 11:07:15-294    扫描执行成功
2014-08-21 11:07:22-576    连接设备成功
2014-08-21 11:09:25-690    初始化成功
2014-08-21 11:09:25-908    扫描执行成功
2014-08-21 11:09:27-749    连接设备成功
2014-08-21 11:12:17-906    初始化成功
2014-08-21 11:12:18-124    扫描执行成功
2014-08-21 11:12:20-371    连接设备成功
2014-08-21 11:17:50-154    初始化成功
2014-08-21 11:17:50-372    扫描执行成功
2014-08-21 11:17:51-387    连接设备成功
2014-08-21 11:23:18-313    初始化成功
2014-08-21 11:23:18-532    扫描执行成功
2014-08-21 11:23:20-965    连接设备成功
2014-08-21 11:30:11-067    初始化成功
2014-08-21 11:30:11-301    扫描执行成功
2014-08-21 11:30:12-923    连接设备成功
2014-08-21 11:37:52-010    初始化成功
2014-08-21 11:37:52-229    扫描执行成功
2014-08-21 11:37:54-054    连接设备成功
2014-08-21 11:40:25-440    扫描执行成功
2014-08-21 11:40:31-912    扫描执行成功
2014-08-21 11:40:38-271    扫描执行成功
2014-08-21 11:40:38-489    扫描执行成功
2014-08-21 11:40:39-300    扫描执行成功
2014-08-21 11:40:41-344    扫描执行成功
2014-08-21 11:40:43-185    扫描执行成功
2014-08-21 11:40:45-229    扫描执行成功
2014-08-21 11:40:47-335    扫描执行成功
2014-08-21 11:40:59-722    扫描执行成功
2014-08-21 11:41:05-808    连接设备成功
2014-08-21 11:57:30-934    初始化成功
2014-08-21 11:57:31-152    扫描执行成功
2014-08-21 11:57:33-180    连接设备成功
2014-08-21 11:58:49-884    扫描执行成功
2014-08-21 11:58:50-305    扫描执行成功
2014-08-21 11:58:52-957    扫描执行成功
2014-08-21 11:59:04-533    扫描执行成功
2014-08-21 11:59:06-171    连接设备成功
2014-08-21 12:09:33-475    初始化成功
2014-08-21 12:09:33-694    扫描执行成功
2014-08-21 12:09:35-113    连接设备成功
2014-08-21 12:11:02-572    扫描执行成功
2014-08-21 12:11:05-833    扫描执行成功
2014-08-21 12:11:07-065    扫描执行成功
2014-08-21 12:11:07-689    扫描执行成功
2014-08-21 12:11:18-453    扫描执行成功
2014-08-21 12:11:19-888    连接设备成功
2014-08-21 12:15:48-420    初始化成功
2014-08-21 12:15:48-639    扫描执行成功
2014-08-21 12:15:48-888    连接设备成功
2014-08-21 12:20:29-236    初始化成功
2014-08-21 12:20:29-480    扫描执行成功
2014-08-21 12:20:29-699    连接设备成功
2014-08-21 12:21:18-763    扫描执行成功
2014-08-21 12:21:20-806    扫描执行成功
2014-08-21 12:21:22-850    扫描执行成功
2014-08-21 12:21:24-909    扫描执行成功
2014-08-21 12:21:26-953    扫描执行成功
2014-08-21 12:21:28-793    扫描执行成功
2014-08-21 12:21:30-853    扫描执行成功
2014-08-21 12:21:31-058    连接设备成功
2014-08-21 12:54:12-552    初始化成功
2014-08-21 12:54:12-755    扫描执行成功
2014-08-21 12:54:12-973    连接设备成功
2014-08-21 13:01:43-538    初始化成功
2014-08-21 13:01:44-068    扫描执行成功
2014-08-21 13:01:46-298    连接设备成功
2014-08-21 13:02:17-107    初始化成功
2014-08-21 13:02:17-310    扫描执行成功
2014-08-21 13:02:18-776    扫描执行成功
2014-08-21 13:02:20-819    扫描执行成功
2014-08-21 13:02:22-862    扫描执行成功
2014-08-21 13:02:24-920    扫描执行成功
2014-08-21 13:02:26-963    扫描执行成功
2014-08-21 13:02:28-986    扫描执行成功
2014-08-21 13:02:29-206    连接设备成功
2014-08-21 13:04:02-247    初始化成功
2014-08-21 13:04:02-465    扫描执行成功
2014-08-21 13:04:14-445    扫描执行成功
2014-08-21 13:04:14-663    扫描执行成功
2014-08-21 13:04:20-154    扫描执行成功
2014-08-21 13:04:20-357    扫描执行成功
2014-08-21 13:04:22-197    扫描执行成功
2014-08-21 13:04:24-443    连接设备成功
2014-08-21 13:05:53-709    扫描执行成功
2014-08-21 13:05:55-144    扫描执行成功
2014-08-21 13:05:57-983    扫描执行成功
2014-08-21 13:05:58-606    扫描执行成功
2014-08-21 13:06:00-229    扫描执行成功
2014-08-21 13:06:02-069    扫描执行成功
2014-08-21 13:06:10-992    扫描执行成功
2014-08-21 13:06:16-061    扫描执行成功
2014-08-21 13:06:27-011    扫描执行成功
2014-08-21 13:06:30-049    扫描执行成功
2014-08-21 13:06:30-455    扫描执行成功
2014-08-21 13:06:41-826    扫描执行成功
2014-08-21 13:06:43-229    扫描执行成功
2014-08-21 13:06:43-891    扫描执行成功
2014-08-21 13:06:44-312    扫描执行成功
2014-08-21 13:06:47-572    扫描执行成功
2014-08-21 13:06:52-454    扫描执行成功
2014-08-21 13:07:02-475    扫描执行成功
2014-08-21 13:07:03-301    扫描执行成功
2014-08-21 13:07:05-548    扫描执行成功
2014-08-21 13:07:15-548    初始化成功
2014-08-21 13:07:15-782    扫描执行成功
2014-08-21 13:07:22-494    扫描执行成功
2014-08-21 13:07:22-712    扫描执行成功
2014-08-21 13:07:23-945    扫描执行成功
2014-08-21 13:41:07-836    初始化成功
2014-08-21 13:41:08-117    扫描执行成功
2014-08-21 13:41:09-537    扫描执行成功
2014-08-21 13:41:11-580    扫描执行成功
2014-08-21 13:41:13-624    扫描执行成功
2014-08-21 13:41:15-699    扫描执行成功
2014-08-21 13:41:17-742    扫描执行成功
2014-08-21 13:41:19-567    扫描执行成功
2014-08-21 13:41:21-611    扫描执行成功
2014-08-21 13:41:23-655    扫描执行成功
2014-08-21 13:41:25-698    扫描执行成功
2014-08-21 13:41:27-758    扫描执行成功
2014-08-21 13:44:12-807    初始化成功
2014-08-21 13:44:13-025    扫描执行成功
2014-08-21 13:44:13-243    连接设备成功
2014-08-21 13:44:33-726    设备192.168.0.120复位
2014-08-21 13:45:22-447    初始化成功
2014-08-21 13:45:22-666    扫描执行成功
2014-08-21 13:45:26-128    连接设备成功
2014-08-21 13:46:35-288    扫描执行成功
2014-08-21 13:46:35-491    扫描执行成功
2014-08-21 13:46:36-910    扫描执行成功
2014-08-21 13:46:47-673    扫描执行成功
2014-08-21 13:46:49-513    连接设备成功
2014-08-21 13:48:36-179    扫描执行成功
2014-08-21 13:48:36-398    扫描执行成功
2014-08-21 13:48:37-614    扫描执行成功
2014-08-21 13:48:39-860    扫描执行成功
2014-08-21 13:48:42-309    扫描执行成功
2014-08-21 13:48:42-933    扫描执行成功
2014-08-21 13:48:46-802    扫描执行成功
2014-08-21 13:48:47-004    扫描执行成功
2014-08-21 13:48:56-332    扫描执行成功
2014-08-21 13:48:57-985    连接设备成功
2014-08-21 13:57:51-672    扫描执行成功
2014-08-21 13:57:51-891    扫描执行成功
2014-08-21 13:57:52-125    扫描执行成功
2014-08-21 13:58:06-939    扫描执行成功
2014-08-21 13:58:09-591    连接设备成功
2014-08-21 14:00:11-089    扫描执行成功
2014-08-21 14:00:12-119    扫描执行成功
2014-08-21 14:00:16-393    扫描执行成功
2014-08-21 14:00:16-611    扫描执行成功
2014-08-21 14:00:17-625    扫描执行成功
2014-08-21 14:00:19-669    扫描执行成功
2014-08-21 14:00:30-237    扫描执行成功
2014-08-21 14:00:32-296    连接设备成功
2014-08-21 14:08:55-188    初始化成功
2014-08-21 14:08:55-407    扫描执行成功
2014-08-21 14:08:55-610    连接设备成功
2014-08-21 14:12:48-514    初始化成功
2014-08-21 14:12:48-733    扫描执行成功
2014-08-21 14:12:50-168    扫描执行成功
2014-08-21 14:12:52-210    扫描执行成功
2014-08-21 14:23:52-204    初始化成功
2014-08-21 14:23:52-423    扫描执行成功
2014-08-21 14:23:53-843    扫描执行成功
2014-08-21 14:23:55-886    扫描执行成功
2014-08-21 14:23:58-039    扫描执行成功
2014-08-21 14:23:59-958    扫描执行成功
2014-08-21 14:24:00-169    连接设备成功
2014-08-21 14:34:55-216    初始化成功
2014-08-21 14:34:55-435    扫描执行成功
2014-08-21 14:34:55-638    连接设备成功
2014-08-21 14:36:30-934    初始化成功
2014-08-21 14:36:31-153    扫描执行成功
2014-08-21 14:36:31-355    连接设备成功
2014-08-21 14:39:46-730    初始化成功
2014-08-21 14:39:46-948    扫描执行成功
2014-08-21 14:39:47-151    连接设备成功
2014-08-21 14:40:01-285    初始化成功
2014-08-21 14:40:01-504    扫描执行成功
2014-08-21 14:40:01-707    连接设备成功
2014-08-21 14:44:00-987    初始化成功
2014-08-21 14:44:01-205    扫描执行成功
2014-08-21 14:44:01-408    连接设备成功
2014-08-21 15:53:34-672    初始化成功
2014-08-21 15:53:34-891    扫描执行成功
2014-08-21 15:53:35-094    连接设备成功
2014-08-21 16:30:55-710    初始化成功
2014-08-21 16:30:56-178    扫描执行成功
2014-08-21 16:30:57-285    连接设备成功
2014-08-21 16:31:33-842    初始化成功
2014-08-21 16:31:34-107    扫描执行成功
2014-08-21 16:31:34-326    连接设备成功
2014-08-21 17:11:20-980    初始化成功
2014-08-21 17:11:21-214    扫描执行成功
2014-08-21 17:11:21-433    连接设备成功
2014-08-21 17:14:00-016    初始化成功
2014-08-21 17:14:00-219    扫描执行成功
2014-08-21 17:14:00-438    连接设备成功
2014-08-21 17:16:06-827    初始化成功
2014-08-21 17:16:07-030    扫描执行成功
2014-08-21 17:16:07-248    连接设备成功
2014-08-21 17:18:48-933    初始化成功
2014-08-21 17:18:49-136    扫描执行成功
2014-08-21 17:18:49-354    连接设备成功
2014-08-21 17:24:23-929    初始化成功
2014-08-21 17:24:24-148    扫描执行成功
2014-08-21 17:24:24-366    连接设备成功
2014-08-21 17:24:36-162    扫描执行成功
2014-08-21 17:24:36-372    该设备已经连接
2014-08-21 17:24:36-582    该设备已经连接
2014-08-21 17:24:36-792    该设备已经连接
2014-08-21 17:24:37-002    该设备已经连接
2014-08-21 17:24:38-238    扫描执行成功
2014-08-21 17:24:38-458    该设备已经连接
2014-08-21 17:24:38-668    该设备已经连接
2014-08-21 17:24:38-878    该设备已经连接
2014-08-21 17:24:39-110    该设备已经连接
2014-08-21 17:24:40-124    扫描执行成功
2014-08-21 17:24:40-356    该设备已经连接
2014-08-21 17:24:40-576    该设备已经连接
2014-08-21 17:24:40-786    该设备已经连接
2014-08-21 17:24:40-996    该设备已经连接
2014-08-21 17:24:42-229    扫描执行成功
2014-08-21 17:24:42-449    该设备已经连接
2014-08-21 17:24:42-659    该设备已经连接
2014-08-21 17:24:42-869    该设备已经连接
2014-08-21 17:24:43-090    该设备已经连接
2014-08-21 17:24:44-301    扫描执行成功
2014-08-21 17:24:44-521    该设备已经连接
2014-08-21 17:24:44-731    该设备已经连接
2014-08-21 17:24:44-941    该设备已经连接
2014-08-21 17:24:45-169    该设备已经连接
2014-08-21 17:24:46-154    扫描执行成功
2014-08-21 17:24:46-392    该设备已经连接
2014-08-21 17:24:46-602    该设备已经连接
2014-08-21 17:24:46-812    该设备已经连接
2014-08-21 17:24:47-022    该设备已经连接
2014-08-21 17:24:48-248    扫描执行成功
2014-08-21 17:24:48-468    该设备已经连接
2014-08-21 17:24:48-678    该设备已经连接
2014-08-21 17:24:48-888    该设备已经连接
2014-08-21 17:24:49-114    该设备已经连接
2014-08-21 17:24:50-332    扫描执行成功
2014-08-21 17:24:50-552    该设备已经连接
2014-08-21 17:24:50-782    该设备已经连接
2014-08-21 17:24:50-992    该设备已经连接
2014-08-21 17:24:51-226    该设备已经连接
2014-08-21 17:24:52-235    扫描执行成功
2014-08-21 17:24:52-465    该设备已经连接
2014-08-21 17:24:52-675    该设备已经连接
2014-08-21 17:24:52-885    该设备已经连接
2014-08-21 17:24:53-095    该设备已经连接
2014-08-21 17:24:54-323    扫描执行成功
2014-08-21 17:24:54-553    该设备已经连接
2014-08-21 17:24:54-763    该设备已经连接
2014-08-21 17:24:54-973    该设备已经连接
2014-08-21 17:24:55-200    该设备已经连接
2014-08-21 17:24:56-214    扫描执行成功
2014-08-21 17:24:56-486    该设备已经连接
2014-08-21 17:24:56-716    该设备已经连接
2014-08-21 17:24:56-926    该设备已经连接
2014-08-21 17:24:57-136    该设备已经连接
2014-08-21 17:24:58-365    扫描执行成功
2014-08-21 17:24:58-585    该设备已经连接
2014-08-21 17:24:58-795    该设备已经连接
2014-08-21 17:27:28-419    初始化成功
2014-08-21 17:27:28-638    扫描执行成功
2014-08-21 17:27:28-856    连接设备成功
2014-08-21 17:27:33-329    扫描执行成功
2014-08-21 17:27:33-532    该设备已经连接
2014-08-21 17:27:33-750    该设备已经连接
2014-08-21 17:27:33-953    该设备已经连接
2014-08-21 17:27:34-156    该设备已经连接
2014-08-21 17:27:35-373    扫描执行成功
2014-08-21 17:27:35-591    该设备已经连接
2014-08-21 17:27:35-794    该设备已经连接
2014-08-21 17:27:36-012    该设备已经连接
2014-08-21 17:27:36-215    该设备已经连接
2014-08-21 17:27:37-229    扫描执行成功
2014-08-21 17:27:37-432    该设备已经连接
2014-08-21 17:27:37-651    该设备已经连接
2014-08-21 17:27:37-869    该设备已经连接
2014-08-21 17:27:38-072    该设备已经连接
2014-08-21 17:27:39-304    扫描执行成功
2014-08-21 17:27:39-538    该设备已经连接
2014-08-21 17:27:39-772    该设备已经连接
2014-08-21 17:27:40-006    该设备已经连接
2014-08-21 17:27:40-209    该设备已经连接
2014-08-21 17:27:41-239    扫描执行成功
2014-08-21 17:27:41-457    该设备已经连接
2014-08-21 17:27:41-675    该设备已经连接
2014-08-21 17:27:41-878    该设备已经连接
2014-08-21 17:27:42-097    该设备已经连接
2014-08-21 17:27:43-345    扫描执行成功
2014-08-21 17:27:43-563    该设备已经连接
2014-08-21 17:27:43-781    该设备已经连接
2014-08-21 17:27:43-984    该设备已经连接
2014-08-21 17:27:44-187    该设备已经连接
2014-08-21 17:27:45-404    扫描执行成功
2014-08-21 17:27:45-622    该设备已经连接
2014-08-21 17:27:45-825    该设备已经连接
2014-08-21 17:27:46-028    该设备已经连接
2014-08-21 17:27:46-231    该设备已经连接
2014-08-21 17:27:47-447    扫描执行成功
2014-08-21 17:27:47-666    该设备已经连接
2014-08-21 17:27:47-869    该设备已经连接
2014-08-21 17:27:48-071    该设备已经连接
2014-08-21 17:27:48-274    该设备已经连接
2014-08-21 17:27:49-304    扫描执行成功
2014-08-21 17:27:49-522    该设备已经连接
2014-08-21 17:27:49-725    该设备已经连接
2014-08-21 17:27:49-928    该设备已经连接
2014-08-21 17:27:50-146    该设备已经连接
2014-08-21 17:27:51-363    扫描执行成功
2014-08-21 17:27:51-581    该设备已经连接
2014-08-21 17:27:51-800    该设备已经连接
2014-08-21 17:27:52-003    该设备已经连接
2014-08-21 17:27:52-205    该设备已经连接
2014-08-21 17:27:53-422    扫描执行成功
2014-08-21 17:27:53-765    该设备已经连接
2014-08-21 17:27:53-968    该设备已经连接
2014-08-21 17:27:54-171    该设备已经连接
2014-08-21 17:27:54-389    该设备已经连接
2014-08-21 17:27:55-403    扫描执行成功
2014-08-21 17:27:55-622    该设备已经连接
2014-08-21 17:27:55-825    该设备已经连接
2014-08-21 17:27:56-027    该设备已经连接
2014-08-21 17:27:56-230    该设备已经连接
2014-08-21 17:27:57-463    扫描执行成功
2014-08-21 17:28:07-847    初始化成功
2014-08-21 17:28:08-066    扫描执行成功
2014-08-21 17:28:08-268    连接设备成功
2014-08-21 17:28:14-548    扫描执行成功
2014-08-21 17:28:14-766    该设备已经连接
2014-08-21 17:28:14-985    该设备已经连接
2014-08-21 17:28:15-188    该设备已经连接
2014-08-21 17:28:15-390    该设备已经连接
2014-08-21 17:28:16-404    扫描执行成功
2014-08-21 17:28:16-608    该设备已经连接
2014-08-21 17:43:18-818    初始化成功
2014-08-21 17:43:19-036    扫描执行成功
2014-08-21 17:43:19-239    连接设备成功
2014-08-21 17:46:09-053    初始化成功
2014-08-21 17:46:09-271    扫描执行成功
2014-08-21 17:46:09-474    连接设备成功
2014-08-21 18:51:44-634    初始化成功
2014-08-21 18:51:44-852    扫描执行成功
2014-08-21 18:51:45-055    连接设备成功
2014-08-21 18:54:09-246    初始化成功
2014-08-21 18:54:09-464    扫描执行成功
2014-08-21 18:54:09-698    连接设备成功
2014-08-21 18:55:55-683    初始化成功
2014-08-21 18:55:55-901    扫描执行成功
2014-08-21 18:55:56-119    连接设备成功
2014-08-21 18:56:14-872    初始化成功
2014-08-21 18:56:15-091    扫描执行成功
2014-08-21 18:56:15-356    连接设备成功
2014-08-21 18:58:01-241    初始化成功
2014-08-21 18:58:01-459    扫描执行成功
2014-08-21 18:58:01-678    连接设备成功
2014-08-21 18:58:57-129    初始化成功
2014-08-21 18:58:57-348    扫描执行成功
2014-08-21 18:58:57-551    连接设备成功
2014-08-21 18:59:49-282    初始化成功
2014-08-21 18:59:49-501    扫描执行成功
2014-08-21 18:59:49-735    连接设备成功
2014-08-21 19:08:07-066    初始化成功
2014-08-21 19:08:07-284    扫描执行成功
2014-08-21 19:08:07-503    连接设备成功
